#
# A fatal error has been detected by the Java Runtime Environment:
#
#  SIGSEGV (0xb) at pc=0x00007f696648892a, pid=17930, tid=140092012386048
#
# JRE version: Java(TM) SE Runtime Environment (8.0_11-b12) (build 1.8.0_11-b12)
# Java VM: Java HotSpot(TM) 64-Bit Server VM (25.11-b03 mixed mode linux-amd64 compressed oops)
# Problematic frame:
# C  [libopencv_core.so.2.4+0x8792a]  cv::_InputArray::getMat(int) const+0x1da
#
# Failed to write core dump. Core dumps have been disabled. To enable core dumping, try "ulimit -c unlimited" before starting Java again
#
# If you would like to submit a bug report, please visit:
#   http://bugreport.sun.com/bugreport/crash.jsp
# The crash happened outside the Java Virtual Machine in native code.
# See problematic frame for where to report the bug.
#

---------------  T H R E A D  ---------------

Current thread (0x00007f69b000b800):  JavaThread "main" [_thread_in_native, id=17934, stack(0x00007f69b6925000,0x00007f69b6a26000)]

siginfo:si_signo=SIGSEGV: si_errno=0, si_code=1 (SEGV_MAPERR), si_addr=0x0000000000000000

Registers:
RAX=0x00007f69b6a24450, RBX=0x00007f69b6a24400, RCX=0x00007f69b6a24400, RDX=0x0000000000000000
RSP=0x00007f69b6a24080, RBP=0x00007f69b6a245f0, RSI=0x00007f69b0571210, RDI=0x00007f69b6a245f0
R8 =0x0000000000000001, R9 =0x0000000000000008, R10=0x0000000000000044, R11=0x00007f69b5dfd148
R12=0xffffffffffffffff, R13=0x0000000000000000, R14=0x00007f69b6a24610, R15=0x00007f69668b55a0
RIP=0x00007f696648892a, EFLAGS=0x0000000000010293, CSGSFS=0x0000000000000033, ERR=0x0000000000000004
  TRAPNO=0x000000000000000e

Top of Stack: (sp=0x00007f69b6a24080)
0x00007f69b6a24080:   00000007c00ff340 00007f69b6a240c0
0x00007f69b6a24090:   00000000ffffffff 00007f69b6a24130
0x00007f69b6a240a0:   00007f69b6a24190 00000007c00ff340
0x00007f69b6a240b0:   00007f69b6a240f0 00007f69b5357765
0x00007f69b6a240c0:   00007f699e78e848 00007f69b000b800
0x00007f69b6a240d0:   00007f69b6a24430 00007f69b0008f50
0x00007f69b6a240e0:   0000000000000000 00007f699e78e848
0x00007f69b6a240f0:   00007f69b6a24160 00007f69b567fd9e
0x00007f69b6a24100:   00007f699e427f78 000000076d729038
0x00007f69b6a24110:   00007f69b6a24510 00007f69a07c6ce2
0x00007f69b6a24120:   00007f69b6a24598 00007f69668b55a0
0x00007f69b6a24130:   00007f69b6a245f0 00007f69b6a24610
0x00007f69b6a24140:   0000000000000000 00007f69b6a24610
0x00007f69b6a24150:   00007f69668b55a0 00007f6965bb3d4e
0x00007f69b6a24160:   00007f69b6a241e0 00007f69b5681098
0x00007f69b6a24170:   00007f69fffffffe 00007f69b000b800
0x00007f69b6a24180:   00007f69b000b800 00007f69b6a24430
0x00007f69b6a24190:   00007f699e78e848 00007f69b000b800
0x00007f69b6a241a0:   00007f699e78e848 00007f69b000b800
0x00007f69b6a241b0:   00007f69b6a24200 00007f69b6a24220
0x00007f69b6a241c0:   00007f69b6a242d0 0000000000000001
0x00007f69b6a241d0:   00000007c0060218 00007f69b000b800
0x00007f69b6a241e0:   00007f69b6a24270 00007f69b5685159
0x00007f69b6a241f0:   00000000b000b800 00007f69b6a24400
0x00007f69b6a24200:   00007f69b6a24230 00007f69b0571bb0
0x00007f69b6a24210:   0000000800000001 00007f69b6a24430
0x00007f69b6a24220:   00007f699e78e848 00007f69b000b800
0x00007f69b6a24230:   00007f699e78e848 00007f69b000b800
0x00007f69b6a24240:   00007f69b6a243d0 00007f69b6a242d0
0x00007f69b6a24250:   0000000000000000 00007f69b000b800
0x00007f69b6a24260:   00007f699e425028 000000000000002c
0x00007f69b6a24270:   00007f69b6a24290 00007f69b57677b9 

Instructions: (pc=0x00007f696648892a)
0x00007f696648890a:   48 8d 53 50 48 89 53 48 74 04 f0 83 00 01 83 7e
0x00007f696648891a:   04 02 0f 8f ae 03 00 00 48 8b 56 48 48 8b 43 48
0x00007f696648892a:   48 8b 12 48 89 10 48 8b 56 48 48 8b 43 48 48 8b
0x00007f696648893a:   52 08 48 89 50 08 eb 43 66 0f 1f 44 00 00 45 85 

Register to memory mapping:

RAX=0x00007f69b6a24450 is pointing into the stack for thread: 0x00007f69b000b800
RBX=0x00007f69b6a24400 is pointing into the stack for thread: 0x00007f69b000b800
RCX=0x00007f69b6a24400 is pointing into the stack for thread: 0x00007f69b000b800
RDX=0x0000000000000000 is an unknown value
RSP=0x00007f69b6a24080 is pointing into the stack for thread: 0x00007f69b000b800
RBP=0x00007f69b6a245f0 is pointing into the stack for thread: 0x00007f69b000b800
RSI=0x00007f69b0571210 is an unknown value
RDI=0x00007f69b6a245f0 is pointing into the stack for thread: 0x00007f69b000b800
R8 =0x0000000000000001 is an unknown value
R9 =0x0000000000000008 is an unknown value
R10=0x0000000000000044 is an unknown value
R11=0x00007f69b5dfd148: <offset 0xefa148> in /usr/lib/jvm/java-8-oracle/jre/lib/amd64/server/libjvm.so at 0x00007f69b4f03000
R12=0xffffffffffffffff is an unknown value
R13=0x0000000000000000 is an unknown value
R14=0x00007f69b6a24610 is pointing into the stack for thread: 0x00007f69b000b800
R15=0x00007f69668b55a0: <offset 0x4b45a0> in /tmp/javacpp14863332197031/libopencv_core.so.2.4 at 0x00007f6966401000


Stack: [0x00007f69b6925000,0x00007f69b6a26000],  sp=0x00007f69b6a24080,  free space=1020k
Native frames: (J=compiled Java code, j=interpreted, Vv=VM code, C=native code)
C  [libopencv_core.so.2.4+0x8792a]  cv::_InputArray::getMat(int) const+0x1da

Java frames: (J=compiled Java code, j=interpreted, Vv=VM code)
j  org.bytedeco.javacpp.opencv_imgproc.drawContours(Lorg/bytedeco/javacpp/opencv_core$Mat;Lorg/bytedeco/javacpp/opencv_core$MatVector;ILorg/bytedeco/javacpp/opencv_core$Scalar;)V+0
j  pt.scanner.server.main.Scanner.lambda$run$6(Lorg/bytedeco/javacpp/opencv_core$Mat;Lpt/scanner/server/data/Contour;)V+61
j  pt.scanner.server.main.Scanner$$Lambda$22.accept(Ljava/lang/Object;)V+8
j  java.util.ArrayList.forEach(Ljava/util/function/Consumer;)V+47
j  pt.scanner.server.main.Scanner.run()V+325
j  pt.scanner.server.main.Scanner.main([Ljava/lang/String;)V+11
v  ~StubRoutines::call_stub

---------------  P R O C E S S  ---------------

Java Threads: ( => current thread )
  0x00007f69b02c7800 JavaThread "Service Thread" daemon [_thread_blocked, id=17951, stack(0x00007f6967315000,0x00007f6967416000)]
  0x00007f69b02a4800 JavaThread "C1 CompilerThread3" daemon [_thread_blocked, id=17950, stack(0x00007f6967416000,0x00007f6967517000)]
  0x00007f69b02a2800 JavaThread "C2 CompilerThread2" daemon [_thread_blocked, id=17949, stack(0x00007f6967517000,0x00007f6967618000)]
  0x00007f69b02a0800 JavaThread "C2 CompilerThread1" daemon [_thread_blocked, id=17948, stack(0x00007f6967618000,0x00007f6967719000)]
  0x00007f69b029e800 JavaThread "C2 CompilerThread0" daemon [_thread_blocked, id=17947, stack(0x00007f697405d000,0x00007f697415e000)]
  0x00007f69b01fc800 JavaThread "Signal Dispatcher" daemon [_thread_blocked, id=17946, stack(0x00007f697415e000,0x00007f697425f000)]
  0x00007f69b01cd000 JavaThread "Finalizer" daemon [_thread_blocked, id=17945, stack(0x00007f697425f000,0x00007f6974360000)]
  0x00007f69b01c9000 JavaThread "Reference Handler" daemon [_thread_blocked, id=17944, stack(0x00007f699c0e4000,0x00007f699c1e5000)]
=>0x00007f69b000b800 JavaThread "main" [_thread_in_native, id=17934, stack(0x00007f69b6925000,0x00007f69b6a26000)]

Other Threads:
  0x00007f69b01c4000 VMThread [stack: 0x00007f699c1e5000,0x00007f699c2e6000] [id=17943]
  0x00007f69b02ca800 WatcherThread [stack: 0x00007f6967214000,0x00007f6967315000] [id=17952]

VM state:not at safepoint (normal execution)

VM Mutex/Monitor currently owned by a thread: None

Heap:
 PSYoungGen      total 13824K, used 9579K [0x000000076cf00000, 0x000000076df00000, 0x00000007c0000000)
  eden space 12800K, 66% used [0x000000076cf00000,0x000000076d75e968,0x000000076db80000)
  from space 1024K, 98% used [0x000000076dd00000,0x000000076ddfc2b0,0x000000076de00000)
  to   space 1536K, 0% used [0x000000076db80000,0x000000076db80000,0x000000076dd00000)
 ParOldGen       total 254464K, used 1730K [0x00000006c6c00000, 0x00000006d6480000, 0x000000076cf00000)
  object space 254464K, 0% used [0x00000006c6c00000,0x00000006c6db08c0,0x00000006d6480000)
 Metaspace       used 10349K, capacity 10596K, committed 10880K, reserved 1058816K
  class space    used 1257K, capacity 1316K, committed 1408K, reserved 1048576K

Card table byte_map: [0x00007f699fc27000,0x00007f69a03f2000] byte_map_base: 0x00007f699c5f1000

Marking Bits: (ParMarkBitMap*) 0x00007f69b5dfcc20
 Begin Bits: [0x00007f6974360000, 0x00007f69781b0000)
 End Bits:   [0x00007f69781b0000, 0x00007f697c000000)

Polling page: 0x00007f69b6a45000

CodeCache: size=245760Kb used=3399Kb max_used=3399Kb free=242360Kb
 bounds [0x00007f69a07b2000, 0x00007f69a0b12000, 0x00007f69af7b2000]
 total_blobs=1405 nmethods=958 adapters=362
 compilation: enabled

Compilation events (10 events):
Event: 58,663 Thread 0x00007f69b02a4800 nmethod 952 0x00007f69a0b00190 code [0x00007f69a0b002e0, 0x00007f69a0b00430]
Event: 60,692 Thread 0x00007f69b02a4800  953       3       java.util.Spliterators$ArraySpliterator::forEachRemaining (68 bytes)
Event: 60,693 Thread 0x00007f69b02a4800 nmethod 953 0x00007f69a0aff9d0 code [0x00007f69a0affb60, 0x00007f69a0afffd8]
Event: 60,693 Thread 0x00007f69b02a4800  954       3       java.util.stream.Sink$ChainedReference::<init> (16 bytes)
Event: 60,693 Thread 0x00007f69b02a4800 nmethod 954 0x00007f69a0aff450 code [0x00007f69a0aff5c0, 0x00007f69a0aff8a8]
Event: 60,693 Thread 0x00007f69b02a4800  955       3       java.util.stream.AbstractPipeline::evaluate (94 bytes)
Event: 60,694 Thread 0x00007f69b02a4800 nmethod 955 0x00007f69a0b01e90 code [0x00007f69a0b02080, 0x00007f69a0b02788]
Event: 62,705 Thread 0x00007f69b02a4800  956       3       sun.misc.FDBigInteger::mult (64 bytes)
Event: 62,706 Thread 0x00007f69b02a4800 nmethod 956 0x00007f69a0b029d0 code [0x00007f69a0b02b40, 0x00007f69a0b02dd0]
Event: 62,706 Thread 0x00007f69b02a4800  957       3       sun.misc.FDBigInteger::<init> (30 bytes)

GC Heap History (10 events):
Event: 0,175 GC heap before
{Heap before GC invocations=6 (full 0):
 PSYoungGen      total 2560K, used 2528K [0x000000076cf00000, 0x000000076d500000, 0x00000007c0000000)
  eden space 2048K, 100% used [0x000000076cf00000,0x000000076d100000,0x000000076d100000)
  from space 512K, 93% used [0x000000076d100000,0x000000076d178020,0x000000076d180000)
  to   space 1024K, 0% used [0x000000076d400000,0x000000076d400000,0x000000076d500000)
 ParOldGen       total 254464K, used 470K [0x00000006c6c00000, 0x00000006d6480000, 0x000000076cf00000)
  object space 254464K, 0% used [0x00000006c6c00000,0x00000006c6c75968,0x00000006d6480000)
 Metaspace       used 3575K, capacity 4792K, committed 5120K, reserved 1056768K
  class space    used 392K, capacity 424K, committed 512K, reserved 1048576K
Event: 0,176 GC heap after
Heap after GC invocations=6 (full 0):
 PSYoungGen      total 5120K, used 688K [0x000000076cf00000, 0x000000076d500000, 0x00000007c0000000)
  eden space 4096K, 0% used [0x000000076cf00000,0x000000076cf00000,0x000000076d300000)
  from space 1024K, 67% used [0x000000076d400000,0x000000076d4ac010,0x000000076d500000)
  to   space 1024K, 0% used [0x000000076d300000,0x000000076d300000,0x000000076d400000)
 ParOldGen       total 254464K, used 478K [0x00000006c6c00000, 0x00000006d6480000, 0x000000076cf00000)
  object space 254464K, 0% used [0x00000006c6c00000,0x00000006c6c77968,0x00000006d6480000)
 Metaspace       used 3575K, capacity 4792K, committed 5120K, reserved 1056768K
  class space    used 392K, capacity 424K, committed 512K, reserved 1048576K
}
Event: 0,229 GC heap before
{Heap before GC invocations=7 (full 0):
 PSYoungGen      total 5120K, used 4784K [0x000000076cf00000, 0x000000076d500000, 0x00000007c0000000)
  eden space 4096K, 100% used [0x000000076cf00000,0x000000076d300000,0x000000076d300000)
  from space 1024K, 67% used [0x000000076d400000,0x000000076d4ac010,0x000000076d500000)
  to   space 1024K, 0% used [0x000000076d300000,0x000000076d300000,0x000000076d400000)
 ParOldGen       total 254464K, used 478K [0x00000006c6c00000, 0x00000006d6480000, 0x000000076cf00000)
  object space 254464K, 0% used [0x00000006c6c00000,0x00000006c6c77968,0x00000006d6480000)
 Metaspace       used 4790K, capacity 5056K, committed 5248K, reserved 1056768K
  class space    used 548K, capacity 560K, committed 640K, reserved 1048576K
Event: 0,231 GC heap after
Heap after GC invocations=7 (full 0):
 PSYoungGen      total 5120K, used 688K [0x000000076cf00000, 0x000000076d900000, 0x00000007c0000000)
  eden space 4096K, 0% used [0x000000076cf00000,0x000000076cf00000,0x000000076d300000)
  from space 1024K, 67% used [0x000000076d300000,0x000000076d3ac020,0x000000076d400000)
  to   space 1024K, 0% used [0x000000076d800000,0x000000076d800000,0x000000076d900000)
 ParOldGen       total 254464K, used 746K [0x00000006c6c00000, 0x00000006d6480000, 0x000000076cf00000)
  object space 254464K, 0% used [0x00000006c6c00000,0x00000006c6cba9c8,0x00000006d6480000)
 Metaspace       used 4790K, capacity 5056K, committed 5248K, reserved 1056768K
  class space    used 548K, capacity 560K, committed 640K, reserved 1048576K
}
Event: 0,268 GC heap before
{Heap before GC invocations=8 (full 0):
 PSYoungGen      total 5120K, used 4784K [0x000000076cf00000, 0x000000076d900000, 0x00000007c0000000)
  eden space 4096K, 100% used [0x000000076cf00000,0x000000076d300000,0x000000076d300000)
  from space 1024K, 67% used [0x000000076d300000,0x000000076d3ac020,0x000000076d400000)
  to   space 1024K, 0% used [0x000000076d800000,0x000000076d800000,0x000000076d900000)
 ParOldGen       total 254464K, used 746K [0x00000006c6c00000, 0x00000006d6480000, 0x000000076cf00000)
  object space 254464K, 0% used [0x00000006c6c00000,0x00000006c6cba9c8,0x00000006d6480000)
 Metaspace       used 5396K, capacity 5520K, committed 5632K, reserved 1056768K
  class space    used 639K, capacity 688K, committed 768K, reserved 1048576K
Event: 0,269 GC heap after
Heap after GC invocations=8 (full 0):
 PSYoungGen      total 9216K, used 640K [0x000000076cf00000, 0x000000076d900000, 0x00000007c0000000)
  eden space 8192K, 0% used [0x000000076cf00000,0x000000076cf00000,0x000000076d700000)
  from space 1024K, 62% used [0x000000076d800000,0x000000076d8a0010,0x000000076d900000)
  to   space 1024K, 0% used [0x000000076d700000,0x000000076d700000,0x000000076d800000)
 ParOldGen       total 254464K, used 882K [0x00000006c6c00000, 0x00000006d6480000, 0x000000076cf00000)
  object space 254464K, 0% used [0x00000006c6c00000,0x00000006c6cdc9c8,0x00000006d6480000)
 Metaspace       used 5396K, capacity 5520K, committed 5632K, reserved 1056768K
  class space    used 639K, capacity 688K, committed 768K, reserved 1048576K
}
Event: 0,370 GC heap before
{Heap before GC invocations=9 (full 0):
 PSYoungGen      total 9216K, used 8832K [0x000000076cf00000, 0x000000076d900000, 0x00000007c0000000)
  eden space 8192K, 100% used [0x000000076cf00000,0x000000076d700000,0x000000076d700000)
  from space 1024K, 62% used [0x000000076d800000,0x000000076d8a0010,0x000000076d900000)
  to   space 1024K, 0% used [0x000000076d700000,0x000000076d700000,0x000000076d800000)
 ParOldGen       total 254464K, used 882K [0x00000006c6c00000, 0x00000006d6480000, 0x000000076cf00000)
  object space 254464K, 0% used [0x00000006c6c00000,0x00000006c6cdc9c8,0x00000006d6480000)
 Metaspace       used 6638K, capacity 6780K, committed 7040K, reserved 1056768K
  class space    used 818K, capacity 852K, committed 896K, reserved 1048576K
Event: 0,371 GC heap after
Heap after GC invocations=9 (full 0):
 PSYoungGen      total 9216K, used 973K [0x000000076cf00000, 0x000000076de00000, 0x00000007c0000000)
  eden space 8192K, 0% used [0x000000076cf00000,0x000000076cf00000,0x000000076d700000)
  from space 1024K, 95% used [0x000000076d700000,0x000000076d7f3468,0x000000076d800000)
  to   space 1024K, 0% used [0x000000076dd00000,0x000000076dd00000,0x000000076de00000)
 ParOldGen       total 254464K, used 1009K [0x00000006c6c00000, 0x00000006d6480000, 0x000000076cf00000)
  object space 254464K, 0% used [0x00000006c6c00000,0x00000006c6cfc630,0x00000006d6480000)
 Metaspace       used 6638K, capacity 6780K, committed 7040K, reserved 1056768K
  class space    used 818K, capacity 852K, committed 896K, reserved 1048576K
}
Event: 0,522 GC heap before
{Heap before GC invocations=10 (full 0):
 PSYoungGen      total 9216K, used 9165K [0x000000076cf00000, 0x000000076de00000, 0x00000007c0000000)
  eden space 8192K, 100% used [0x000000076cf00000,0x000000076d700000,0x000000076d700000)
  from space 1024K, 95% used [0x000000076d700000,0x000000076d7f3468,0x000000076d800000)
  to   space 1024K, 0% used [0x000000076dd00000,0x000000076dd00000,0x000000076de00000)
 ParOldGen       total 254464K, used 1009K [0x00000006c6c00000, 0x00000006d6480000, 0x000000076cf00000)
  object space 254464K, 0% used [0x00000006c6c00000,0x00000006c6cfc630,0x00000006d6480000)
 Metaspace       used 8373K, capacity 8572K, committed 8832K, reserved 1056768K
  class space    used 1017K, capacity 1044K, committed 1152K, reserved 1048576K
Event: 0,524 GC heap after
Heap after GC invocations=10 (full 0):
 PSYoungGen      total 13824K, used 1008K [0x000000076cf00000, 0x000000076df00000, 0x00000007c0000000)
  eden space 12800K, 0% used [0x000000076cf00000,0x000000076cf00000,0x000000076db80000)
  from space 1024K, 98% used [0x000000076dd00000,0x000000076ddfc2b0,0x000000076de00000)
  to   space 1536K, 0% used [0x000000076db80000,0x000000076db80000,0x000000076dd00000)
 ParOldGen       total 254464K, used 1730K [0x00000006c6c00000, 0x00000006d6480000, 0x000000076cf00000)
  object space 254464K, 0% used [0x00000006c6c00000,0x00000006c6db08c0,0x00000006d6480000)
 Metaspace       used 8373K, capacity 8572K, committed 8832K, reserved 1056768K
  class space    used 1017K, capacity 1044K, committed 1152K, reserved 1048576K
}

Deoptimization events (1 events):
Event: 0,355 Thread 0x00007f69b000b800 Uncommon trap: reason=unreached action=reinterpret pc=0x00007f69a099c9c0 method=sun.misc.URLClassPath$JarLoader.ensureOpen()V @ 4

Internal exceptions (10 events):
Event: 1,875 Thread 0x00007f69b000b800 Exception <a 'java/security/PrivilegedActionException'> (0x000000076d5440a8) thrown at [/HUDSON/workspace/8-2-build-linux-amd64/jdk8u11/648/hotspot/src/share/vm/prims/jvm.cpp, line 1248]
Event: 1,875 Thread 0x00007f69b000b800 Exception <a 'java/security/PrivilegedActionException'> (0x000000076d54a648) thrown at [/HUDSON/workspace/8-2-build-linux-amd64/jdk8u11/648/hotspot/src/share/vm/prims/jvm.cpp, line 1248]
Event: 1,880 Thread 0x00007f69b000b800 Exception <a 'java/security/PrivilegedActionException'> (0x000000076d56e4b0) thrown at [/HUDSON/workspace/8-2-build-linux-amd64/jdk8u11/648/hotspot/src/share/vm/prims/jvm.cpp, line 1248]
Event: 1,881 Thread 0x00007f69b000b800 Exception <a 'java/security/PrivilegedActionException'> (0x000000076d581748) thrown at [/HUDSON/workspace/8-2-build-linux-amd64/jdk8u11/648/hotspot/src/share/vm/prims/jvm.cpp, line 1248]
Event: 1,881 Thread 0x00007f69b000b800 Exception <a 'java/security/PrivilegedActionException'> (0x000000076d5846b0) thrown at [/HUDSON/workspace/8-2-build-linux-amd64/jdk8u11/648/hotspot/src/share/vm/prims/jvm.cpp, line 1248]
Event: 1,883 Thread 0x00007f69b000b800 Exception <a 'java/security/PrivilegedActionException'> (0x000000076d594940) thrown at [/HUDSON/workspace/8-2-build-linux-amd64/jdk8u11/648/hotspot/src/share/vm/prims/jvm.cpp, line 1248]
Event: 1,884 Thread 0x00007f69b000b800 Exception <a 'java/security/PrivilegedActionException'> (0x000000076d5a9698) thrown at [/HUDSON/workspace/8-2-build-linux-amd64/jdk8u11/648/hotspot/src/share/vm/prims/jvm.cpp, line 1248]
Event: 1,885 Thread 0x00007f69b000b800 Exception <a 'java/security/PrivilegedActionException'> (0x000000076d5bc338) thrown at [/HUDSON/workspace/8-2-build-linux-amd64/jdk8u11/648/hotspot/src/share/vm/prims/jvm.cpp, line 1248]
Event: 1,890 Thread 0x00007f69b000b800 Exception <a 'java/security/PrivilegedActionException'> (0x000000076d5e3568) thrown at [/HUDSON/workspace/8-2-build-linux-amd64/jdk8u11/648/hotspot/src/share/vm/prims/jvm.cpp, line 1248]
Event: 14,048 Thread 0x00007f69b000b800 Exception <a 'java/security/PrivilegedActionException'> (0x000000076d61ab38) thrown at [/HUDSON/workspace/8-2-build-linux-amd64/jdk8u11/648/hotspot/src/share/vm/prims/jvm.cpp, line 1248]

Events (10 events):
Event: 14,048 loading class com/vividsolutions/jts/math/DD
Event: 14,048 loading class com/vividsolutions/jts/math/DD done
Event: 62,703 loading class org/bytedeco/javacpp/opencv_core$Mat
Event: 62,703 loading class org/bytedeco/javacpp/opencv_core$Mat done
Event: 62,704 loading class pt/scanner/server/data/Contour
Event: 62,704 loading class pt/scanner/server/data/Contour done
Event: 62,704 loading class org/bytedeco/javacpp/opencv_core$Mat
Event: 62,704 loading class org/bytedeco/javacpp/opencv_core$Mat done
Event: 62,704 loading class sun/misc/FDBigInteger
Event: 62,704 loading class sun/misc/FDBigInteger done


Dynamic libraries:
00400000-00401000 r-xp 00000000 08:01 11801245                           /usr/lib/jvm/java-8-oracle/bin/java
00600000-00601000 rw-p 00000000 08:01 11801245                           /usr/lib/jvm/java-8-oracle/bin/java
0246b000-1ae9a000 rw-p 00000000 00:00 0                                  [heap]
6c6c00000-6d6480000 rw-p 00000000 00:00 0 
6d6480000-76cf00000 ---p 00000000 00:00 0 
76cf00000-76df00000 rw-p 00000000 00:00 0 
76df00000-7c0000000 ---p 00000000 00:00 0 
7c0000000-7c0160000 rw-p 00000000 00:00 0 
7c0160000-800000000 ---p 00000000 00:00 0 
7f6910000000-7f6910022000 rw-p 00000000 00:00 0 
7f6910022000-7f6914000000 ---p 00000000 00:00 0 
7f6918000000-7f6918021000 rw-p 00000000 00:00 0 
7f6918021000-7f691c000000 ---p 00000000 00:00 0 
7f691ec63000-7f691effe000 rw-p 00000000 00:00 0 
7f691effe000-7f691efff000 ---p 00000000 00:00 0 
7f691efff000-7f691f7ff000 rw-p 00000000 00:00 0                          [stack:17961]
7f691f7ff000-7f691f800000 ---p 00000000 00:00 0 
7f691f800000-7f6920000000 rw-p 00000000 00:00 0                          [stack:17960]
7f6920000000-7f6920021000 rw-p 00000000 00:00 0 
7f6920021000-7f6924000000 ---p 00000000 00:00 0 
7f6924000000-7f6924021000 rw-p 00000000 00:00 0 
7f6924021000-7f6928000000 ---p 00000000 00:00 0 
7f6928000000-7f6928021000 rw-p 00000000 00:00 0 
7f6928021000-7f692c000000 ---p 00000000 00:00 0 
7f692c000000-7f692c021000 rw-p 00000000 00:00 0 
7f692c021000-7f6930000000 ---p 00000000 00:00 0 
7f6930000000-7f6930021000 rw-p 00000000 00:00 0 
7f6930021000-7f6934000000 ---p 00000000 00:00 0 
7f6934000000-7f6934021000 rw-p 00000000 00:00 0 
7f6934021000-7f6938000000 ---p 00000000 00:00 0 
7f6938336000-7f693837a000 r-xp 00000000 08:01 13763806                   /lib/x86_64-linux-gnu/libdbus-1.so.3.7.6
7f693837a000-7f6938579000 ---p 00044000 08:01 13763806                   /lib/x86_64-linux-gnu/libdbus-1.so.3.7.6
7f6938579000-7f693857a000 r--p 00043000 08:01 13763806                   /lib/x86_64-linux-gnu/libdbus-1.so.3.7.6
7f693857a000-7f693857b000 rw-p 00044000 08:01 13763806                   /lib/x86_64-linux-gnu/libdbus-1.so.3.7.6
7f693857b000-7f6938583000 r-xp 00000000 08:01 13766578                   /lib/x86_64-linux-gnu/libnih-dbus.so.1.0.0
7f6938583000-7f6938783000 ---p 00008000 08:01 13766578                   /lib/x86_64-linux-gnu/libnih-dbus.so.1.0.0
7f6938783000-7f6938784000 r--p 00008000 08:01 13766578                   /lib/x86_64-linux-gnu/libnih-dbus.so.1.0.0
7f6938784000-7f6938785000 rw-p 00009000 08:01 13766578                   /lib/x86_64-linux-gnu/libnih-dbus.so.1.0.0
7f6938785000-7f693879c000 r-xp 00000000 08:01 13766580                   /lib/x86_64-linux-gnu/libnih.so.1.0.0
7f693879c000-7f693899b000 ---p 00017000 08:01 13766580                   /lib/x86_64-linux-gnu/libnih.so.1.0.0
7f693899b000-7f693899c000 r--p 00016000 08:01 13766580                   /lib/x86_64-linux-gnu/libnih.so.1.0.0
7f693899c000-7f693899d000 rw-p 00017000 08:01 13766580                   /lib/x86_64-linux-gnu/libnih.so.1.0.0
7f693899d000-7f69389b6000 r-xp 00000000 08:01 13762655                   /lib/x86_64-linux-gnu/libcgmanager.so.0.0.0
7f69389b6000-7f6938bb5000 ---p 00019000 08:01 13762655                   /lib/x86_64-linux-gnu/libcgmanager.so.0.0.0
7f6938bb5000-7f6938bb7000 r--p 00018000 08:01 13762655                   /lib/x86_64-linux-gnu/libcgmanager.so.0.0.0
7f6938bb7000-7f6938bb8000 rw-p 0001a000 08:01 13762655                   /lib/x86_64-linux-gnu/libcgmanager.so.0.0.0
7f6938bb8000-7f6938bc8000 r-xp 00000000 08:01 13762658                   /lib/x86_64-linux-gnu/libudev.so.1.3.5
7f6938bc8000-7f6938dc7000 ---p 00010000 08:01 13762658                   /lib/x86_64-linux-gnu/libudev.so.1.3.5
7f6938dc7000-7f6938dc8000 r--p 0000f000 08:01 13762658                   /lib/x86_64-linux-gnu/libudev.so.1.3.5
7f6938dc8000-7f6938dc9000 rw-p 00010000 08:01 13762658                   /lib/x86_64-linux-gnu/libudev.so.1.3.5
7f6938dc9000-7f6938dfd000 r-xp 00000000 08:01 10357366                   /usr/lib/x86_64-linux-gnu/gvfs/libgvfscommon.so
7f6938dfd000-7f6938ffd000 ---p 00034000 08:01 10357366                   /usr/lib/x86_64-linux-gnu/gvfs/libgvfscommon.so
7f6938ffd000-7f6939002000 r--p 00034000 08:01 10357366                   /usr/lib/x86_64-linux-gnu/gvfs/libgvfscommon.so
7f6939002000-7f6939003000 rw-p 00039000 08:01 10357366                   /usr/lib/x86_64-linux-gnu/gvfs/libgvfscommon.so
7f6939003000-7f6939032000 r-xp 00000000 08:01 10357066                   /usr/lib/x86_64-linux-gnu/gio/modules/libgvfsdbus.so
7f6939032000-7f6939232000 ---p 0002f000 08:01 10357066                   /usr/lib/x86_64-linux-gnu/gio/modules/libgvfsdbus.so
7f6939232000-7f6939233000 r--p 0002f000 08:01 10357066                   /usr/lib/x86_64-linux-gnu/gio/modules/libgvfsdbus.so
7f6939233000-7f6939234000 rw-p 00030000 08:01 10357066                   /usr/lib/x86_64-linux-gnu/gio/modules/libgvfsdbus.so
7f6939234000-7f6939235000 rw-p 00000000 00:00 0 
7f6939235000-7f693924e000 r-xp 00000000 08:01 10357065                   /usr/lib/x86_64-linux-gnu/gio/modules/libgioremote-volume-monitor.so
7f693924e000-7f693944e000 ---p 00019000 08:01 10357065                   /usr/lib/x86_64-linux-gnu/gio/modules/libgioremote-volume-monitor.so
7f693944e000-7f6939451000 r--p 00019000 08:01 10357065                   /usr/lib/x86_64-linux-gnu/gio/modules/libgioremote-volume-monitor.so
7f6939451000-7f6939452000 rw-p 0001c000 08:01 10357065                   /usr/lib/x86_64-linux-gnu/gio/modules/libgioremote-volume-monitor.so
7f6939452000-7f693945d000 r-xp 00000000 08:01 10357061                   /usr/lib/x86_64-linux-gnu/gio/modules/libdconfsettings.so
7f693945d000-7f693965d000 ---p 0000b000 08:01 10357061                   /usr/lib/x86_64-linux-gnu/gio/modules/libdconfsettings.so
7f693965d000-7f693965e000 r--p 0000b000 08:01 10357061                   /usr/lib/x86_64-linux-gnu/gio/modules/libdconfsettings.so
7f693965e000-7f693965f000 rw-p 0000c000 08:01 10357061                   /usr/lib/x86_64-linux-gnu/gio/modules/libdconfsettings.so
7f693965f000-7f6939666000 r-xp 00000000 08:01 9970181                    /usr/lib/x86_64-linux-gnu/libogg.so.0.8.1
7f6939666000-7f6939866000 ---p 00007000 08:01 9970181                    /usr/lib/x86_64-linux-gnu/libogg.so.0.8.1
7f6939866000-7f6939867000 r--p 00007000 08:01 9970181                    /usr/lib/x86_64-linux-gnu/libogg.so.0.8.1
7f6939867000-7f6939868000 rw-p 00008000 08:01 9970181                    /usr/lib/x86_64-linux-gnu/libogg.so.0.8.1
7f6939868000-7f6939894000 r-xp 00000000 08:01 9970459                    /usr/lib/x86_64-linux-gnu/libvorbis.so.0.4.5
7f6939894000-7f6939a93000 ---p 0002c000 08:01 9970459                    /usr/lib/x86_64-linux-gnu/libvorbis.so.0.4.5
7f6939a93000-7f6939a94000 r--p 0002b000 08:01 9970459                    /usr/lib/x86_64-linux-gnu/libvorbis.so.0.4.5
7f6939a94000-7f6939a95000 rw-p 0002c000 08:01 9970459                    /usr/lib/x86_64-linux-gnu/libvorbis.so.0.4.5
7f6939a95000-7f6939a9e000 r-xp 00000000 08:01 9970087                    /usr/lib/x86_64-linux-gnu/libltdl.so.7.3.0
7f6939a9e000-7f6939c9d000 ---p 00009000 08:01 9970087                    /usr/lib/x86_64-linux-gnu/libltdl.so.7.3.0
7f6939c9d000-7f6939c9e000 r--p 00008000 08:01 9970087                    /usr/lib/x86_64-linux-gnu/libltdl.so.7.3.0
7f6939c9e000-7f6939c9f000 rw-p 00009000 08:01 9970087                    /usr/lib/x86_64-linux-gnu/libltdl.so.7.3.0
7f6939c9f000-7f6939cb0000 r-xp 00000000 08:01 9970378                    /usr/lib/x86_64-linux-gnu/libtdb.so.1.2.12
7f6939cb0000-7f6939eaf000 ---p 00011000 08:01 9970378                    /usr/lib/x86_64-linux-gnu/libtdb.so.1.2.12
7f6939eaf000-7f6939eb0000 r--p 00010000 08:01 9970378                    /usr/lib/x86_64-linux-gnu/libtdb.so.1.2.12
7f6939eb0000-7f6939eb1000 rw-p 00011000 08:01 9970378                    /usr/lib/x86_64-linux-gnu/libtdb.so.1.2.12
7f6939eb1000-7f6939eb8000 r-xp 00000000 08:01 9970463                    /usr/lib/x86_64-linux-gnu/libvorbisfile.so.3.3.4
7f6939eb8000-7f693a0b7000 ---p 00007000 08:01 9970463                    /usr/lib/x86_64-linux-gnu/libvorbisfile.so.3.3.4
7f693a0b7000-7f693a0b8000 r--p 00006000 08:01 9970463                    /usr/lib/x86_64-linux-gnu/libvorbisfile.so.3.3.4
7f693a0b8000-7f693a0b9000 rw-p 00007000 08:01 9970463                    /usr/lib/x86_64-linux-gnu/libvorbisfile.so.3.3.4
7f693a0b9000-7f693a0c8000 r-xp 00000000 08:01 9969601                    /usr/lib/x86_64-linux-gnu/libcanberra.so.0.2.5
7f693a0c8000-7f693a2c7000 ---p 0000f000 08:01 9969601                    /usr/lib/x86_64-linux-gnu/libcanberra.so.0.2.5
7f693a2c7000-7f693a2c8000 r--p 0000e000 08:01 9969601                    /usr/lib/x86_64-linux-gnu/libcanberra.so.0.2.5
7f693a2c8000-7f693a2c9000 rw-p 0000f000 08:01 9969601                    /usr/lib/x86_64-linux-gnu/libcanberra.so.0.2.5
7f693a2c9000-7f693a2cd000 r-xp 00000000 08:01 9969597                    /usr/lib/x86_64-linux-gnu/libcanberra-gtk.so.0.1.9
7f693a2cd000-7f693a4cc000 ---p 00004000 08:01 9969597                    /usr/lib/x86_64-linux-gnu/libcanberra-gtk.so.0.1.9
7f693a4cc000-7f693a4cd000 r--p 00003000 08:01 9969597                    /usr/lib/x86_64-linux-gnu/libcanberra-gtk.so.0.1.9
7f693a4cd000-7f693a4ce000 rw-p 00004000 08:01 9969597                    /usr/lib/x86_64-linux-gnu/libcanberra-gtk.so.0.1.9
7f693a4ce000-7f693a4d3000 r-xp 00000000 08:01 10357316                   /usr/lib/x86_64-linux-gnu/gtk-2.0/modules/libcanberra-gtk-module.so
7f693a4d3000-7f693a6d2000 ---p 00005000 08:01 10357316                   /usr/lib/x86_64-linux-gnu/gtk-2.0/modules/libcanberra-gtk-module.so
7f693a6d2000-7f693a6d3000 r--p 00004000 08:01 10357316                   /usr/lib/x86_64-linux-gnu/gtk-2.0/modules/libcanberra-gtk-module.so
7f693a6d3000-7f693a6d4000 rw-p 00005000 08:01 10357316                   /usr/lib/x86_64-linux-gnu/gtk-2.0/modules/libcanberra-gtk-module.so
7f693a6d4000-7f693a703000 r-xp 00000000 08:01 10357298                   /usr/lib/x86_64-linux-gnu/gtk-2.0/2.10.0/engines/libmurrine.so
7f693a703000-7f693a903000 ---p 0002f000 08:01 10357298                   /usr/lib/x86_64-linux-gnu/gtk-2.0/2.10.0/engines/libmurrine.so
7f693a903000-7f693a904000 r--p 0002f000 08:01 10357298                   /usr/lib/x86_64-linux-gnu/gtk-2.0/2.10.0/engines/libmurrine.so
7f693a904000-7f693a905000 rw-p 00030000 08:01 10357298                   /usr/lib/x86_64-linux-gnu/gtk-2.0/2.10.0/engines/libmurrine.so
7f693a905000-7f693a915000 r-xp 00000000 08:01 9970427                    /usr/lib/x86_64-linux-gnu/libunity-gtk2-parser.so.0.0.0
7f693a915000-7f693ab14000 ---p 00010000 08:01 9970427                    /usr/lib/x86_64-linux-gnu/libunity-gtk2-parser.so.0.0.0
7f693ab14000-7f693ab15000 r--p 0000f000 08:01 9970427                    /usr/lib/x86_64-linux-gnu/libunity-gtk2-parser.so.0.0.0
7f693ab15000-7f693ab16000 rw-p 00010000 08:01 9970427                    /usr/lib/x86_64-linux-gnu/libunity-gtk2-parser.so.0.0.0
7f693ab16000-7f693ab1b000 r-xp 00000000 08:01 10357320                   /usr/lib/x86_64-linux-gnu/gtk-2.0/modules/libunity-gtk-module.so
7f693ab1b000-7f693ad1a000 ---p 00005000 08:01 10357320                   /usr/lib/x86_64-linux-gnu/gtk-2.0/modules/libunity-gtk-module.so
7f693ad1a000-7f693ad1b000 r--p 00004000 08:01 10357320                   /usr/lib/x86_64-linux-gnu/gtk-2.0/modules/libunity-gtk-module.so
7f693ad1b000-7f693ad1c000 rw-p 00005000 08:01 10357320                   /usr/lib/x86_64-linux-gnu/gtk-2.0/modules/libunity-gtk-module.so
7f693ad1c000-7f693ad2d000 r-xp 00000000 08:01 10357319                   /usr/lib/x86_64-linux-gnu/gtk-2.0/modules/liboverlay-scrollbar.so
7f693ad2d000-7f693af2c000 ---p 00011000 08:01 10357319                   /usr/lib/x86_64-linux-gnu/gtk-2.0/modules/liboverlay-scrollbar.so
7f693af2c000-7f693af2d000 r--p 00010000 08:01 10357319                   /usr/lib/x86_64-linux-gnu/gtk-2.0/modules/liboverlay-scrollbar.so
7f693af2d000-7f693af2e000 rw-p 00011000 08:01 10357319                   /usr/lib/x86_64-linux-gnu/gtk-2.0/modules/liboverlay-scrollbar.so
7f693af2e000-7f693b3fd000 rw-p 00000000 00:00 0 
7f693b3fd000-7f693b3fe000 ---p 00000000 00:00 0 
7f693b3fe000-7f693b7fe000 rw-p 00000000 00:00 0                          [stack:17959]
7f693b7fe000-7f693b7ff000 ---p 00000000 00:00 0 
7f693b7ff000-7f693bbff000 rw-p 00000000 00:00 0                          [stack:17958]
7f693bbff000-7f693bc00000 ---p 00000000 00:00 0 
7f693bc00000-7f693c000000 rw-p 00000000 00:00 0                          [stack:17957]
7f693c000000-7f693c021000 rw-p 00000000 00:00 0 
7f693c021000-7f6940000000 ---p 00000000 00:00 0 
7f694010d000-7f694016d000 rw-s 00000000 00:04 646414354                  /SYSV00000000 (deleted)
7f694016d000-7f69401b0000 r--p 00000000 08:01 11016175                   /usr/share/glib-2.0/schemas/gschemas.compiled
7f69401b0000-7f69402f0000 rw-p 00000000 00:00 0 
7f69402f0000-7f69403b0000 ---p 00000000 00:00 0 
7f69403b0000-7f69403b1000 ---p 00000000 00:00 0 
7f69403b1000-7f69407b1000 rw-p 00000000 00:00 0                          [stack:17956]
7f69407b1000-7f69407b2000 ---p 00000000 00:00 0 
7f69407b2000-7f6940bb2000 rw-p 00000000 00:00 0                          [stack:17955]
7f6940bb2000-7f6940bb3000 ---p 00000000 00:00 0 
7f6940bb3000-7f6940fb3000 rw-p 00000000 00:00 0                          [stack:17954]
7f6940fb3000-7f6940fb4000 ---p 00000000 00:00 0 
7f6940fb4000-7f69426ee000 rw-p 00000000 00:00 0                          [stack:17953]
7f69426ee000-7f694273c000 r-xp 00000000 08:01 12456611                   /tmp/javacpp14863332197031/libjniopencv_highgui.so
7f694273c000-7f694293b000 ---p 0004e000 08:01 12456611                   /tmp/javacpp14863332197031/libjniopencv_highgui.so
7f694293b000-7f694293c000 r--p 0004d000 08:01 12456611                   /tmp/javacpp14863332197031/libjniopencv_highgui.so
7f694293c000-7f694293d000 rw-p 0004e000 08:01 12456611                   /tmp/javacpp14863332197031/libjniopencv_highgui.so
7f694293d000-7f6942980000 r-xp 00000000 08:01 9970062                    /usr/lib/x86_64-linux-gnu/libjpeg.so.8.0.2
7f6942980000-7f6942b80000 ---p 00043000 08:01 9970062                    /usr/lib/x86_64-linux-gnu/libjpeg.so.8.0.2
7f6942b80000-7f6942b81000 r--p 00043000 08:01 9970062                    /usr/lib/x86_64-linux-gnu/libjpeg.so.8.0.2
7f6942b81000-7f6942b82000 rw-p 00044000 08:01 9970062                    /usr/lib/x86_64-linux-gnu/libjpeg.so.8.0.2
7f6942b82000-7f6942b92000 rw-p 00000000 00:00 0 
7f6942b92000-7f6942bb6000 r-xp 00000000 08:01 9970451                    /usr/lib/x86_64-linux-gnu/libv4lconvert.so.0.0.0
7f6942bb6000-7f6942db6000 ---p 00024000 08:01 9970451                    /usr/lib/x86_64-linux-gnu/libv4lconvert.so.0.0.0
7f6942db6000-7f6942db8000 r--p 00024000 08:01 9970451                    /usr/lib/x86_64-linux-gnu/libv4lconvert.so.0.0.0
7f6942db8000-7f6942db9000 rw-p 00026000 08:01 9970451                    /usr/lib/x86_64-linux-gnu/libv4lconvert.so.0.0.0
7f6942db9000-7f6942e0b000 rw-p 00000000 00:00 0 
7f6942e0b000-7f6942e11000 r-xp 00000000 08:01 9969665                    /usr/lib/x86_64-linux-gnu/libdatrie.so.1.3.1
7f6942e11000-7f6943010000 ---p 00006000 08:01 9969665                    /usr/lib/x86_64-linux-gnu/libdatrie.so.1.3.1
7f6943010000-7f6943011000 r--p 00005000 08:01 9969665                    /usr/lib/x86_64-linux-gnu/libdatrie.so.1.3.1
7f6943011000-7f6943012000 rw-p 00006000 08:01 9969665                    /usr/lib/x86_64-linux-gnu/libdatrie.so.1.3.1
7f6943012000-7f694302c000 r-xp 00000000 08:01 9969891                    /usr/lib/x86_64-linux-gnu/libgraphite2.so.3.0.1
7f694302c000-7f694322b000 ---p 0001a000 08:01 9969891                    /usr/lib/x86_64-linux-gnu/libgraphite2.so.3.0.1
7f694322b000-7f694322d000 r--p 00019000 08:01 9969891                    /usr/lib/x86_64-linux-gnu/libgraphite2.so.3.0.1
7f694322d000-7f694322e000 rw-p 0001b000 08:01 9969891                    /usr/lib/x86_64-linux-gnu/libgraphite2.so.3.0.1
7f694322e000-7f6943233000 r-xp 00000000 08:01 9969473                    /usr/lib/x86_64-linux-gnu/libXdmcp.so.6.0.0
7f6943233000-7f6943432000 ---p 00005000 08:01 9969473                    /usr/lib/x86_64-linux-gnu/libXdmcp.so.6.0.0
7f6943432000-7f6943433000 r--p 00004000 08:01 9969473                    /usr/lib/x86_64-linux-gnu/libXdmcp.so.6.0.0
7f6943433000-7f6943434000 rw-p 00005000 08:01 9969473                    /usr/lib/x86_64-linux-gnu/libXdmcp.so.6.0.0
7f6943434000-7f6943436000 r-xp 00000000 08:01 9969462                    /usr/lib/x86_64-linux-gnu/libXau.so.6.0.0
7f6943436000-7f6943636000 ---p 00002000 08:01 9969462                    /usr/lib/x86_64-linux-gnu/libXau.so.6.0.0
7f6943636000-7f6943637000 r--p 00002000 08:01 9969462                    /usr/lib/x86_64-linux-gnu/libXau.so.6.0.0
7f6943637000-7f6943638000 rw-p 00003000 08:01 9969462                    /usr/lib/x86_64-linux-gnu/libXau.so.6.0.0
7f6943638000-7f6943641000 r-xp 00000000 08:01 9970449                    /usr/lib/x86_64-linux-gnu/libv4l2.so.0.0.0
7f6943641000-7f6943840000 ---p 00009000 08:01 9970449                    /usr/lib/x86_64-linux-gnu/libv4l2.so.0.0.0
7f6943840000-7f6943841000 r--p 00008000 08:01 9970449                    /usr/lib/x86_64-linux-gnu/libv4l2.so.0.0.0
7f6943841000-7f6943846000 rw-p 00009000 08:01 9970449                    /usr/lib/x86_64-linux-gnu/libv4l2.so.0.0.0
7f6943846000-7f694386d000 r-xp 00000000 08:01 13766538                   /lib/x86_64-linux-gnu/libexpat.so.1.6.0
7f694386d000-7f6943a6d000 ---p 00027000 08:01 13766538                   /lib/x86_64-linux-gnu/libexpat.so.1.6.0
7f6943a6d000-7f6943a6f000 r--p 00027000 08:01 13766538                   /lib/x86_64-linux-gnu/libexpat.so.1.6.0
7f6943a6f000-7f6943a70000 rw-p 00029000 08:01 13766538                   /lib/x86_64-linux-gnu/libexpat.so.1.6.0
7f6943a70000-7f6943aad000 r-xp 00000000 08:01 13766619                   /lib/x86_64-linux-gnu/libpcre.so.3.13.1
7f6943aad000-7f6943cac000 ---p 0003d000 08:01 13766619                   /lib/x86_64-linux-gnu/libpcre.so.3.13.1
7f6943cac000-7f6943cad000 r--p 0003c000 08:01 13766619                   /lib/x86_64-linux-gnu/libpcre.so.3.13.1
7f6943cad000-7f6943cae000 rw-p 0003d000 08:01 13766619                   /lib/x86_64-linux-gnu/libpcre.so.3.13.1
7f6943cae000-7f6943cb5000 r-xp 00000000 08:01 9969740                    /usr/lib/x86_64-linux-gnu/libffi.so.6.0.1
7f6943cb5000-7f6943eb4000 ---p 00007000 08:01 9969740                    /usr/lib/x86_64-linux-gnu/libffi.so.6.0.1
7f6943eb4000-7f6943eb5000 r--p 00006000 08:01 9969740                    /usr/lib/x86_64-linux-gnu/libffi.so.6.0.1
7f6943eb5000-7f6943eb6000 rw-p 00007000 08:01 9969740                    /usr/lib/x86_64-linux-gnu/libffi.so.6.0.1
7f6943eb6000-7f6943ebe000 r-xp 00000000 08:01 9970390                    /usr/lib/x86_64-linux-gnu/libthai.so.0.2.0
7f6943ebe000-7f69440bd000 ---p 00008000 08:01 9970390                    /usr/lib/x86_64-linux-gnu/libthai.so.0.2.0
7f69440bd000-7f69440be000 r--p 00007000 08:01 9970390                    /usr/lib/x86_64-linux-gnu/libthai.so.0.2.0
7f69440be000-7f69440bf000 rw-p 00008000 08:01 9970390                    /usr/lib/x86_64-linux-gnu/libthai.so.0.2.0
7f69440bf000-7f6944112000 r-xp 00000000 08:01 9970004                    /usr/lib/x86_64-linux-gnu/libharfbuzz.so.0.927.0
7f6944112000-7f6944312000 ---p 00053000 08:01 9970004                    /usr/lib/x86_64-linux-gnu/libharfbuzz.so.0.927.0
7f6944312000-7f6944313000 r--p 00053000 08:01 9970004                    /usr/lib/x86_64-linux-gnu/libharfbuzz.so.0.927.0
7f6944313000-7f6944314000 rw-p 00054000 08:01 9970004                    /usr/lib/x86_64-linux-gnu/libharfbuzz.so.0.927.0
7f6944314000-7f694432b000 r-xp 00000000 08:01 13763566                   /lib/x86_64-linux-gnu/libresolv-2.19.so
7f694432b000-7f694452b000 ---p 00017000 08:01 13763566                   /lib/x86_64-linux-gnu/libresolv-2.19.so
7f694452b000-7f694452c000 r--p 00017000 08:01 13763566                   /lib/x86_64-linux-gnu/libresolv-2.19.so
7f694452c000-7f694452d000 rw-p 00018000 08:01 13763566                   /lib/x86_64-linux-gnu/libresolv-2.19.so
7f694452d000-7f694452f000 rw-p 00000000 00:00 0 
7f694452f000-7f694454f000 r-xp 00000000 08:01 13762589                   /lib/x86_64-linux-gnu/libselinux.so.1
7f694454f000-7f694474e000 ---p 00020000 08:01 13762589                   /lib/x86_64-linux-gnu/libselinux.so.1
7f694474e000-7f694474f000 r--p 0001f000 08:01 13762589                   /lib/x86_64-linux-gnu/libselinux.so.1
7f694474f000-7f6944750000 rw-p 00020000 08:01 13762589                   /lib/x86_64-linux-gnu/libselinux.so.1
7f6944750000-7f6944752000 rw-p 00000000 00:00 0 
7f6944752000-7f694476a000 r-xp 00000000 08:01 13766679                   /lib/x86_64-linux-gnu/libz.so.1.2.8
7f694476a000-7f6944969000 ---p 00018000 08:01 13766679                   /lib/x86_64-linux-gnu/libz.so.1.2.8
7f6944969000-7f694496a000 r--p 00017000 08:01 13766679                   /lib/x86_64-linux-gnu/libz.so.1.2.8
7f694496a000-7f694496b000 rw-p 00018000 08:01 13766679                   /lib/x86_64-linux-gnu/libz.so.1.2.8
7f694496b000-7f6944988000 r-xp 00000000 08:01 9970530                    /usr/lib/x86_64-linux-gnu/libxcb.so.1.1.0
7f6944988000-7f6944b88000 ---p 0001d000 08:01 9970530                    /usr/lib/x86_64-linux-gnu/libxcb.so.1.1.0
7f6944b88000-7f6944b89000 r--p 0001d000 08:01 9970530                    /usr/lib/x86_64-linux-gnu/libxcb.so.1.1.0
7f6944b89000-7f6944b8a000 rw-p 0001e000 08:01 9970530                    /usr/lib/x86_64-linux-gnu/libxcb.so.1.1.0
7f6944b8a000-7f6944b92000 r-xp 00000000 08:01 9970516                    /usr/lib/x86_64-linux-gnu/libxcb-render.so.0.0.0
7f6944b92000-7f6944d91000 ---p 00008000 08:01 9970516                    /usr/lib/x86_64-linux-gnu/libxcb-render.so.0.0.0
7f6944d91000-7f6944d92000 r--p 00007000 08:01 9970516                    /usr/lib/x86_64-linux-gnu/libxcb-render.so.0.0.0
7f6944d92000-7f6944d93000 rw-p 00008000 08:01 9970516                    /usr/lib/x86_64-linux-gnu/libxcb-render.so.0.0.0
7f6944d93000-7f6944d95000 r-xp 00000000 08:01 9970520                    /usr/lib/x86_64-linux-gnu/libxcb-shm.so.0.0.0
7f6944d95000-7f6944f94000 ---p 00002000 08:01 9970520                    /usr/lib/x86_64-linux-gnu/libxcb-shm.so.0.0.0
7f6944f94000-7f6944f95000 r--p 00001000 08:01 9970520                    /usr/lib/x86_64-linux-gnu/libxcb-shm.so.0.0.0
7f6944f95000-7f6944f96000 rw-p 00002000 08:01 9970520                    /usr/lib/x86_64-linux-gnu/libxcb-shm.so.0.0.0
7f6944f96000-7f6944fbb000 r-xp 00000000 08:01 13766631                   /lib/x86_64-linux-gnu/libpng12.so.0.50.0
7f6944fbb000-7f69451ba000 ---p 00025000 08:01 13766631                   /lib/x86_64-linux-gnu/libpng12.so.0.50.0
7f69451ba000-7f69451bb000 r--p 00024000 08:01 13766631                   /lib/x86_64-linux-gnu/libpng12.so.0.50.0
7f69451bb000-7f69451bc000 rw-p 00025000 08:01 13766631                   /lib/x86_64-linux-gnu/libpng12.so.0.50.0
7f69451bc000-7f694525d000 r-xp 00000000 08:01 9970220                    /usr/lib/x86_64-linux-gnu/libpixman-1.so.0.30.2
7f694525d000-7f694545d000 ---p 000a1000 08:01 9970220                    /usr/lib/x86_64-linux-gnu/libpixman-1.so.0.30.2
7f694545d000-7f6945464000 r--p 000a1000 08:01 9970220                    /usr/lib/x86_64-linux-gnu/libpixman-1.so.0.30.2
7f6945464000-7f6945465000 rw-p 000a8000 08:01 9970220                    /usr/lib/x86_64-linux-gnu/libpixman-1.so.0.30.2
7f6945465000-7f6945476000 r-xp 00000000 08:01 9969475                    /usr/lib/x86_64-linux-gnu/libXext.so.6.4.0
7f6945476000-7f6945675000 ---p 00011000 08:01 9969475                    /usr/lib/x86_64-linux-gnu/libXext.so.6.4.0
7f6945675000-7f6945676000 r--p 00010000 08:01 9969475                    /usr/lib/x86_64-linux-gnu/libXext.so.6.4.0
7f6945676000-7f6945677000 rw-p 00011000 08:01 9969475                    /usr/lib/x86_64-linux-gnu/libXext.so.6.4.0
7f6945677000-7f6945679000 r-xp 00000000 08:01 9969471                    /usr/lib/x86_64-linux-gnu/libXdamage.so.1.1.0
7f6945679000-7f6945878000 ---p 00002000 08:01 9969471                    /usr/lib/x86_64-linux-gnu/libXdamage.so.1.1.0
7f6945878000-7f6945879000 r--p 00001000 08:01 9969471                    /usr/lib/x86_64-linux-gnu/libXdamage.so.1.1.0
7f6945879000-7f694587a000 rw-p 00002000 08:01 9969471                    /usr/lib/x86_64-linux-gnu/libXdamage.so.1.1.0
7f694587a000-7f694587c000 r-xp 00000000 08:01 9969467                    /usr/lib/x86_64-linux-gnu/libXcomposite.so.1.0.0
7f694587c000-7f6945a7b000 ---p 00002000 08:01 9969467                    /usr/lib/x86_64-linux-gnu/libXcomposite.so.1.0.0
7f6945a7b000-7f6945a7c000 r--p 00001000 08:01 9969467                    /usr/lib/x86_64-linux-gnu/libXcomposite.so.1.0.0
7f6945a7c000-7f6945a7d000 rw-p 00002000 08:01 9969467                    /usr/lib/x86_64-linux-gnu/libXcomposite.so.1.0.0
7f6945a7d000-7f6945a86000 r-xp 00000000 08:01 9969469                    /usr/lib/x86_64-linux-gnu/libXcursor.so.1.0.2
7f6945a86000-7f6945c85000 ---p 00009000 08:01 9969469                    /usr/lib/x86_64-linux-gnu/libXcursor.so.1.0.2
7f6945c85000-7f6945c86000 r--p 00008000 08:01 9969469                    /usr/lib/x86_64-linux-gnu/libXcursor.so.1.0.2
7f6945c86000-7f6945c87000 rw-p 00009000 08:01 9969469                    /usr/lib/x86_64-linux-gnu/libXcursor.so.1.0.2
7f6945c87000-7f6945c90000 r-xp 00000000 08:01 9969495                    /usr/lib/x86_64-linux-gnu/libXrandr.so.2.2.0
7f6945c90000-7f6945e8f000 ---p 00009000 08:01 9969495                    /usr/lib/x86_64-linux-gnu/libXrandr.so.2.2.0
7f6945e8f000-7f6945e90000 r--p 00008000 08:01 9969495                    /usr/lib/x86_64-linux-gnu/libXrandr.so.2.2.0
7f6945e90000-7f6945e91000 rw-p 00009000 08:01 9969495                    /usr/lib/x86_64-linux-gnu/libXrandr.so.2.2.0
7f6945e91000-7f6945ea0000 r-xp 00000000 08:01 9969483                    /usr/lib/x86_64-linux-gnu/libXi.so.6.1.0
7f6945ea0000-7f694609f000 ---p 0000f000 08:01 9969483                    /usr/lib/x86_64-linux-gnu/libXi.so.6.1.0
7f694609f000-7f69460a0000 r--p 0000e000 08:01 9969483                    /usr/lib/x86_64-linux-gnu/libXi.so.6.1.0
7f69460a0000-7f69460a1000 rw-p 0000f000 08:01 9969483                    /usr/lib/x86_64-linux-gnu/libXi.so.6.1.0
7f69460a1000-7f69460a3000 r-xp 00000000 08:01 9969485                    /usr/lib/x86_64-linux-gnu/libXinerama.so.1.0.0
7f69460a3000-7f69462a2000 ---p 00002000 08:01 9969485                    /usr/lib/x86_64-linux-gnu/libXinerama.so.1.0.0
7f69462a2000-7f69462a3000 r--p 00001000 08:01 9969485                    /usr/lib/x86_64-linux-gnu/libXinerama.so.1.0.0
7f69462a3000-7f69462a4000 rw-p 00002000 08:01 9969485                    /usr/lib/x86_64-linux-gnu/libXinerama.so.1.0.0
7f69462a4000-7f69462ad000 r-xp 00000000 08:01 9969497                    /usr/lib/x86_64-linux-gnu/libXrender.so.1.3.0
7f69462ad000-7f69464ac000 ---p 00009000 08:01 9969497                    /usr/lib/x86_64-linux-gnu/libXrender.so.1.3.0
7f69464ac000-7f69464ad000 r--p 00008000 08:01 9969497                    /usr/lib/x86_64-linux-gnu/libXrender.so.1.3.0
7f69464ad000-7f69464ae000 rw-p 00009000 08:01 9969497                    /usr/lib/x86_64-linux-gnu/libXrender.so.1.3.0
7f69464ae000-7f69464b3000 r-xp 00000000 08:01 9969477                    /usr/lib/x86_64-linux-gnu/libXfixes.so.3.1.0
7f69464b3000-7f69466b2000 ---p 00005000 08:01 9969477                    /usr/lib/x86_64-linux-gnu/libXfixes.so.3.1.0
7f69466b2000-7f69466b3000 r--p 00004000 08:01 9969477                    /usr/lib/x86_64-linux-gnu/libXfixes.so.3.1.0
7f69466b3000-7f69466b4000 rw-p 00005000 08:01 9969477                    /usr/lib/x86_64-linux-gnu/libXfixes.so.3.1.0
7f69466b4000-7f69467e4000 r-xp 00000000 08:01 9969458                    /usr/lib/x86_64-linux-gnu/libX11.so.6.3.0
7f69467e4000-7f69469e4000 ---p 00130000 08:01 9969458                    /usr/lib/x86_64-linux-gnu/libX11.so.6.3.0
7f69469e4000-7f69469e5000 r--p 00130000 08:01 9969458                    /usr/lib/x86_64-linux-gnu/libX11.so.6.3.0
7f69469e5000-7f69469e9000 rw-p 00131000 08:01 9969458                    /usr/lib/x86_64-linux-gnu/libX11.so.6.3.0
7f69469e9000-7f69469ec000 r-xp 00000000 08:01 9969857                    /usr/lib/x86_64-linux-gnu/libgmodule-2.0.so.0.4000.0
7f69469ec000-7f6946beb000 ---p 00003000 08:01 9969857                    /usr/lib/x86_64-linux-gnu/libgmodule-2.0.so.0.4000.0
7f6946beb000-7f6946bec000 r--p 00002000 08:01 9969857                    /usr/lib/x86_64-linux-gnu/libgmodule-2.0.so.0.4000.0
7f6946bec000-7f6946bed000 rw-p 00003000 08:01 9969857                    /usr/lib/x86_64-linux-gnu/libgmodule-2.0.so.0.4000.0
7f6946bed000-7f6946bf2000 r-xp 00000000 08:01 9970447                    /usr/lib/x86_64-linux-gnu/libv4l1.so.0.0.0
7f6946bf2000-7f6946df1000 ---p 00005000 08:01 9970447                    /usr/lib/x86_64-linux-gnu/libv4l1.so.0.0.0
7f6946df1000-7f6946df2000 r--p 00004000 08:01 9970447                    /usr/lib/x86_64-linux-gnu/libv4l1.so.0.0.0
7f6946df2000-7f6946df3000 rw-p 00005000 08:01 9970447                    /usr/lib/x86_64-linux-gnu/libv4l1.so.0.0.0
7f6946df3000-7f6946e90000 r-xp 00000000 08:01 9967690                    /usr/lib/x86_64-linux-gnu/libfreetype.so.6.11.1
7f6946e90000-7f694708f000 ---p 0009d000 08:01 9967690                    /usr/lib/x86_64-linux-gnu/libfreetype.so.6.11.1
7f694708f000-7f6947095000 r--p 0009c000 08:01 9967690                    /usr/lib/x86_64-linux-gnu/libfreetype.so.6.11.1
7f6947095000-7f6947096000 rw-p 000a2000 08:01 9967690                    /usr/lib/x86_64-linux-gnu/libfreetype.so.6.11.1
7f6947096000-7f69470d0000 r-xp 00000000 08:01 9967686                    /usr/lib/x86_64-linux-gnu/libfontconfig.so.1.8.0
7f69470d0000-7f69472cf000 ---p 0003a000 08:01 9967686                    /usr/lib/x86_64-linux-gnu/libfontconfig.so.1.8.0
7f69472cf000-7f69472d1000 r--p 00039000 08:01 9967686                    /usr/lib/x86_64-linux-gnu/libfontconfig.so.1.8.0
7f69472d1000-7f69472d2000 rw-p 0003b000 08:01 9967686                    /usr/lib/x86_64-linux-gnu/libfontconfig.so.1.8.0
7f69472d2000-7f69473d8000 r-xp 00000000 08:01 13766547                   /lib/x86_64-linux-gnu/libglib-2.0.so.0.4000.0
7f69473d8000-7f69475d7000 ---p 00106000 08:01 13766547                   /lib/x86_64-linux-gnu/libglib-2.0.so.0.4000.0
7f69475d7000-7f69475d8000 r--p 00105000 08:01 13766547                   /lib/x86_64-linux-gnu/libglib-2.0.so.0.4000.0
7f69475d8000-7f69475d9000 rw-p 00106000 08:01 13766547                   /lib/x86_64-linux-gnu/libglib-2.0.so.0.4000.0
7f69475d9000-7f69475da000 rw-p 00000000 00:00 0 
7f69475da000-7f6947629000 r-xp 00000000 08:01 9969873                    /usr/lib/x86_64-linux-gnu/libgobject-2.0.so.0.4000.0
7f6947629000-7f6947829000 ---p 0004f000 08:01 9969873                    /usr/lib/x86_64-linux-gnu/libgobject-2.0.so.0.4000.0
7f6947829000-7f694782a000 r--p 0004f000 08:01 9969873                    /usr/lib/x86_64-linux-gnu/libgobject-2.0.so.0.4000.0
7f694782a000-7f694782b000 rw-p 00050000 08:01 9969873                    /usr/lib/x86_64-linux-gnu/libgobject-2.0.so.0.4000.0
7f694782b000-7f6947875000 r-xp 00000000 08:01 9970197                    /usr/lib/x86_64-linux-gnu/libpango-1.0.so.0.3600.3
7f6947875000-7f6947a75000 ---p 0004a000 08:01 9970197                    /usr/lib/x86_64-linux-gnu/libpango-1.0.so.0.3600.3
7f6947a75000-7f6947a77000 r--p 0004a000 08:01 9970197                    /usr/lib/x86_64-linux-gnu/libpango-1.0.so.0.3600.3
7f6947a77000-7f6947a78000 rw-p 0004c000 08:01 9970197                    /usr/lib/x86_64-linux-gnu/libpango-1.0.so.0.3600.3
7f6947a78000-7f6947a8c000 r-xp 00000000 08:01 9970201                    /usr/lib/x86_64-linux-gnu/libpangoft2-1.0.so.0.3600.3
7f6947a8c000-7f6947c8b000 ---p 00014000 08:01 9970201                    /usr/lib/x86_64-linux-gnu/libpangoft2-1.0.so.0.3600.3
7f6947c8b000-7f6947c8c000 r--p 00013000 08:01 9970201                    /usr/lib/x86_64-linux-gnu/libpangoft2-1.0.so.0.3600.3
7f6947c8c000-7f6947c8d000 rw-p 00014000 08:01 9970201                    /usr/lib/x86_64-linux-gnu/libpangoft2-1.0.so.0.3600.3
7f6947c8d000-7f6947df8000 r-xp 00000000 08:01 9969843                    /usr/lib/x86_64-linux-gnu/libgio-2.0.so.0.4000.0
7f6947df8000-7f6947ff8000 ---p 0016b000 08:01 9969843                    /usr/lib/x86_64-linux-gnu/libgio-2.0.so.0.4000.0
7f6947ff8000-7f6947ffc000 r--p 0016b000 08:01 9969843                    /usr/lib/x86_64-linux-gnu/libgio-2.0.so.0.4000.0
7f6947ffc000-7f6947ffe000 rw-p 0016f000 08:01 9969843                    /usr/lib/x86_64-linux-gnu/libgio-2.0.so.0.4000.0
7f6947ffe000-7f6948000000 rw-p 00000000 00:00 0 
7f6948000000-7f6948021000 rw-p 00000000 00:00 0 
7f6948021000-7f694c000000 ---p 00000000 00:00 0 
7f694c000000-7f694c021000 rw-p 00000000 00:00 0 
7f694c021000-7f6950000000 ---p 00000000 00:00 0 
7f6950000000-7f6950188000 rw-p 00000000 00:00 0 
7f6950188000-7f6954000000 ---p 00000000 00:00 0 
7f6954000000-7f695421f000 rw-p 00000000 00:00 0 
7f695421f000-7f6958000000 ---p 00000000 00:00 0 
7f6958000000-7f695821b000 rw-p 00000000 00:00 0 
7f695821b000-7f695c000000 ---p 00000000 00:00 0 
7f695c000000-7f695c60a000 rw-p 00000000 00:00 0 
7f695c60a000-7f6960000000 ---p 00000000 00:00 0 
7f6960000000-7f6960021000 rw-p 00000000 00:00 0 
7f6960021000-7f6964000000 ---p 00000000 00:00 0 
7f696400b000-7f696400c000 r-xp 00000000 08:01 9969980                    /usr/lib/x86_64-linux-gnu/libgthread-2.0.so.0.4000.0
7f696400c000-7f696420b000 ---p 00001000 08:01 9969980                    /usr/lib/x86_64-linux-gnu/libgthread-2.0.so.0.4000.0
7f696420b000-7f696420c000 r--p 00000000 08:01 9969980                    /usr/lib/x86_64-linux-gnu/libgthread-2.0.so.0.4000.0
7f696420c000-7f696420d000 rw-p 00001000 08:01 9969980                    /usr/lib/x86_64-linux-gnu/libgthread-2.0.so.0.4000.0
7f696420d000-7f696422c000 r-xp 00000000 08:01 9969819                    /usr/lib/x86_64-linux-gnu/libgdk_pixbuf-2.0.so.0.3000.7
7f696422c000-7f696442c000 ---p 0001f000 08:01 9969819                    /usr/lib/x86_64-linux-gnu/libgdk_pixbuf-2.0.so.0.3000.7
7f696442c000-7f696442d000 r--p 0001f000 08:01 9969819                    /usr/lib/x86_64-linux-gnu/libgdk_pixbuf-2.0.so.0.3000.7
7f696442d000-7f696442e000 rw-p 00020000 08:01 9969819                    /usr/lib/x86_64-linux-gnu/libgdk_pixbuf-2.0.so.0.3000.7
7f696442e000-7f6964534000 r-xp 00000000 08:01 9969593                    /usr/lib/x86_64-linux-gnu/libcairo.so.2.11301.0
7f6964534000-7f6964733000 ---p 00106000 08:01 9969593                    /usr/lib/x86_64-linux-gnu/libcairo.so.2.11301.0
7f6964733000-7f6964736000 r--p 00105000 08:01 9969593                    /usr/lib/x86_64-linux-gnu/libcairo.so.2.11301.0
7f6964736000-7f6964737000 rw-p 00108000 08:01 9969593                    /usr/lib/x86_64-linux-gnu/libcairo.so.2.11301.0
7f6964737000-7f6964739000 rw-p 00000000 00:00 0 
7f6964739000-7f6964758000 r-xp 00000000 08:01 9969554                    /usr/lib/x86_64-linux-gnu/libatk-1.0.so.0.21009.1
7f6964758000-7f6964958000 ---p 0001f000 08:01 9969554                    /usr/lib/x86_64-linux-gnu/libatk-1.0.so.0.21009.1
7f6964958000-7f696495a000 r--p 0001f000 08:01 9969554                    /usr/lib/x86_64-linux-gnu/libatk-1.0.so.0.21009.1
7f696495a000-7f696495b000 rw-p 00021000 08:01 9969554                    /usr/lib/x86_64-linux-gnu/libatk-1.0.so.0.21009.1
7f696495b000-7f6964966000 r-xp 00000000 08:01 9970199                    /usr/lib/x86_64-linux-gnu/libpangocairo-1.0.so.0.3600.3
7f6964966000-7f6964b66000 ---p 0000b000 08:01 9970199                    /usr/lib/x86_64-linux-gnu/libpangocairo-1.0.so.0.3600.3
7f6964b66000-7f6964b67000 r--p 0000b000 08:01 9970199                    /usr/lib/x86_64-linux-gnu/libpangocairo-1.0.so.0.3600.3
7f6964b67000-7f6964b68000 rw-p 0000c000 08:01 9970199                    /usr/lib/x86_64-linux-gnu/libpangocairo-1.0.so.0.3600.3
7f6964b68000-7f6964c15000 r-xp 00000000 08:01 9967704                    /usr/lib/x86_64-linux-gnu/libgdk-x11-2.0.so.0.2400.23
7f6964c15000-7f6964e14000 ---p 000ad000 08:01 9967704                    /usr/lib/x86_64-linux-gnu/libgdk-x11-2.0.so.0.2400.23
7f6964e14000-7f6964e18000 r--p 000ac000 08:01 9967704                    /usr/lib/x86_64-linux-gnu/libgdk-x11-2.0.so.0.2400.23
7f6964e18000-7f6964e1a000 rw-p 000b0000 08:01 9967704                    /usr/lib/x86_64-linux-gnu/libgdk-x11-2.0.so.0.2400.23
7f6964e1a000-7f6965249000 r-xp 00000000 08:01 9967703                    /usr/lib/x86_64-linux-gnu/libgtk-x11-2.0.so.0.2400.23
7f6965249000-7f6965448000 ---p 0042f000 08:01 9967703                    /usr/lib/x86_64-linux-gnu/libgtk-x11-2.0.so.0.2400.23
7f6965448000-7f696544f000 r--p 0042e000 08:01 9967703                    /usr/lib/x86_64-linux-gnu/libgtk-x11-2.0.so.0.2400.23
7f696544f000-7f6965453000 rw-p 00435000 08:01 9967703                    /usr/lib/x86_64-linux-gnu/libgtk-x11-2.0.so.0.2400.23
7f6965453000-7f6965456000 rw-p 00000000 00:00 0 
7f6965456000-7f696569d000 r-xp 00000000 08:01 12456610                   /tmp/javacpp14863332197031/libopencv_highgui.so.2.4
7f696569d000-7f696589d000 ---p 00247000 08:01 12456610                   /tmp/javacpp14863332197031/libopencv_highgui.so.2.4
7f696589d000-7f69658a5000 r--p 00247000 08:01 12456610                   /tmp/javacpp14863332197031/libopencv_highgui.so.2.4
7f69658a5000-7f69658ae000 rw-p 0024f000 08:01 12456610                   /tmp/javacpp14863332197031/libopencv_highgui.so.2.4
7f69658ae000-7f69658b6000 rw-p 00000000 00:00 0 
7f69658b6000-7f6965956000 r-xp 00000000 08:01 12456609                   /tmp/javacpp14863332197031/libjniopencv_imgproc.so
7f6965956000-7f6965b56000 ---p 000a0000 08:01 12456609                   /tmp/javacpp14863332197031/libjniopencv_imgproc.so
7f6965b56000-7f6965b57000 r--p 000a0000 08:01 12456609                   /tmp/javacpp14863332197031/libjniopencv_imgproc.so
7f6965b57000-7f6965b58000 rw-p 000a1000 08:01 12456609                   /tmp/javacpp14863332197031/libjniopencv_imgproc.so
7f6965b58000-7f6965db3000 r-xp 00000000 08:01 12456608                   /tmp/javacpp14863332197031/libopencv_imgproc.so.2.4
7f6965db3000-7f6965fb3000 ---p 0025b000 08:01 12456608                   /tmp/javacpp14863332197031/libopencv_imgproc.so.2.4
7f6965fb3000-7f6965fba000 r--p 0025b000 08:01 12456608                   /tmp/javacpp14863332197031/libopencv_imgproc.so.2.4
7f6965fba000-7f6965fbc000 rw-p 00262000 08:01 12456608                   /tmp/javacpp14863332197031/libopencv_imgproc.so.2.4
7f6965fbc000-7f6966051000 rw-p 00000000 00:00 0 
7f6966051000-7f69661fe000 r-xp 00000000 08:01 12456607                   /tmp/javacpp14863332197031/libjniopencv_core.so
7f69661fe000-7f69663fe000 ---p 001ad000 08:01 12456607                   /tmp/javacpp14863332197031/libjniopencv_core.so
7f69663fe000-7f69663ff000 r--p 001ad000 08:01 12456607                   /tmp/javacpp14863332197031/libjniopencv_core.so
7f69663ff000-7f6966401000 rw-p 001ae000 08:01 12456607                   /tmp/javacpp14863332197031/libjniopencv_core.so
7f6966401000-7f69666aa000 r-xp 00000000 08:01 12456606                   /tmp/javacpp14863332197031/libopencv_core.so.2.4
7f69666aa000-7f69668a9000 ---p 002a9000 08:01 12456606                   /tmp/javacpp14863332197031/libopencv_core.so.2.4
7f69668a9000-7f69668ad000 r--p 002a8000 08:01 12456606                   /tmp/javacpp14863332197031/libopencv_core.so.2.4
7f69668ad000-7f69668b6000 rw-p 002ac000 08:01 12456606                   /tmp/javacpp14863332197031/libopencv_core.so.2.4
7f69668b6000-7f69668b9000 rw-p 00000000 00:00 0 
7f69668b9000-7f69668cf000 r-xp 00000000 08:01 13766543                   /lib/x86_64-linux-gnu/libgcc_s.so.1
7f69668cf000-7f6966ace000 ---p 00016000 08:01 13766543                   /lib/x86_64-linux-gnu/libgcc_s.so.1
7f6966ace000-7f6966acf000 rw-p 00015000 08:01 13766543                   /lib/x86_64-linux-gnu/libgcc_s.so.1
7f6966acf000-7f6966bb5000 r-xp 00000000 08:01 9970368                    /usr/lib/x86_64-linux-gnu/libstdc++.so.6.0.19
7f6966bb5000-7f6966db4000 ---p 000e6000 08:01 9970368                    /usr/lib/x86_64-linux-gnu/libstdc++.so.6.0.19
7f6966db4000-7f6966dbc000 r--p 000e5000 08:01 9970368                    /usr/lib/x86_64-linux-gnu/libstdc++.so.6.0.19
7f6966dbc000-7f6966dbe000 rw-p 000ed000 08:01 9970368                    /usr/lib/x86_64-linux-gnu/libstdc++.so.6.0.19
7f6966dbe000-7f6966dd3000 rw-p 00000000 00:00 0 
7f6966dd3000-7f6966dfc000 r-xp 00000000 08:01 12456605                   /tmp/javacpp14863332197031/libtbb.so
7f6966dfc000-7f6966ffb000 ---p 00029000 08:01 12456605                   /tmp/javacpp14863332197031/libtbb.so
7f6966ffb000-7f6966ffd000 r--p 00028000 08:01 12456605                   /tmp/javacpp14863332197031/libtbb.so
7f6966ffd000-7f6966ffe000 rw-p 0002a000 08:01 12456605                   /tmp/javacpp14863332197031/libtbb.so
7f6966ffe000-7f6967014000 r-xp 00000000 08:01 11679069                   /usr/lib/jvm/java-8-oracle/jre/lib/amd64/libnet.so
7f6967014000-7f6967213000 ---p 00016000 08:01 11679069                   /usr/lib/jvm/java-8-oracle/jre/lib/amd64/libnet.so
7f6967213000-7f6967214000 rw-p 00015000 08:01 11679069                   /usr/lib/jvm/java-8-oracle/jre/lib/amd64/libnet.so
7f6967214000-7f6967215000 ---p 00000000 00:00 0 
7f6967215000-7f6967315000 rw-p 00000000 00:00 0                          [stack:17952]
7f6967315000-7f6967318000 ---p 00000000 00:00 0 
7f6967318000-7f6967416000 rw-p 00000000 00:00 0                          [stack:17951]
7f6967416000-7f6967419000 ---p 00000000 00:00 0 
7f6967419000-7f6967517000 rw-p 00000000 00:00 0                          [stack:17950]
7f6967517000-7f696751a000 ---p 00000000 00:00 0 
7f696751a000-7f6967618000 rw-p 00000000 00:00 0                          [stack:17949]
7f6967618000-7f696761b000 ---p 00000000 00:00 0 
7f696761b000-7f6967719000 rw-p 00000000 00:00 0                          [stack:17948]
7f6967719000-7f696771a000 r-xp 00000000 08:01 9964459                    /usr/lib/libjayatanaag.so
7f696771a000-7f696791a000 ---p 00001000 08:01 9964459                    /usr/lib/libjayatanaag.so
7f696791a000-7f696791b000 r--p 00001000 08:01 9964459                    /usr/lib/libjayatanaag.so
7f696791b000-7f696791c000 rw-p 00002000 08:01 9964459                    /usr/lib/libjayatanaag.so
7f696791c000-7f6968000000 r--p 00000000 08:01 9968458                    /usr/lib/locale/locale-archive
7f6968000000-7f6968021000 rw-p 00000000 00:00 0 
7f6968021000-7f696c000000 ---p 00000000 00:00 0 
7f696c000000-7f696c021000 rw-p 00000000 00:00 0 
7f696c021000-7f6970000000 ---p 00000000 00:00 0 
7f6970000000-7f6970021000 rw-p 00000000 00:00 0 
7f6970021000-7f6974000000 ---p 00000000 00:00 0 
7f6974002000-7f697401b000 r--p 00000000 08:01 10881982                   /usr/share/locale-langpack/pt_BR/LC_MESSAGES/glib20.mo
7f697401b000-7f6974034000 r--p 00000000 08:01 10881804                   /usr/share/locale-langpack/pt/LC_MESSAGES/glib20.mo
7f6974034000-7f697405d000 r--p 00000000 08:01 10881832                   /usr/share/locale-langpack/pt_BR/LC_MESSAGES/gtk20-properties.mo
7f697405d000-7f6974060000 ---p 00000000 00:00 0 
7f6974060000-7f697415e000 rw-p 00000000 00:00 0                          [stack:17947]
7f697415e000-7f6974161000 ---p 00000000 00:00 0 
7f6974161000-7f697425f000 rw-p 00000000 00:00 0                          [stack:17946]
7f697425f000-7f6974262000 ---p 00000000 00:00 0 
7f6974262000-7f697c000000 rw-p 00000000 00:00 0                          [stack:17945]
7f697c000000-7f697c021000 rw-p 00000000 00:00 0 
7f697c021000-7f6980000000 ---p 00000000 00:00 0 
7f6980000000-7f6980021000 rw-p 00000000 00:00 0 
7f6980021000-7f6984000000 ---p 00000000 00:00 0 
7f6984000000-7f6984021000 rw-p 00000000 00:00 0 
7f6984021000-7f6988000000 ---p 00000000 00:00 0 
7f6988000000-7f6988021000 rw-p 00000000 00:00 0 
7f6988021000-7f698c000000 ---p 00000000 00:00 0 
7f698c000000-7f698c021000 rw-p 00000000 00:00 0 
7f698c021000-7f6990000000 ---p 00000000 00:00 0 
7f6990000000-7f6990021000 rw-p 00000000 00:00 0 
7f6990021000-7f6994000000 ---p 00000000 00:00 0 
7f6994000000-7f6994021000 rw-p 00000000 00:00 0 
7f6994021000-7f6998000000 ---p 00000000 00:00 0 
7f6998000000-7f6998021000 rw-p 00000000 00:00 0 
7f6998021000-7f699c000000 ---p 00000000 00:00 0 
7f699c006000-7f699c00c000 r--p 00000000 08:01 3811796                    /home/brsantos/.config/dconf/user
7f699c00c000-7f699c035000 r--p 00000000 08:01 10881658                   /usr/share/locale-langpack/pt/LC_MESSAGES/gtk20-properties.mo
7f699c035000-7f699c057000 r--p 00000000 08:01 10882239                   /usr/share/locale-langpack/pt_BR/LC_MESSAGES/libc.mo
7f699c057000-7f699c066000 r--p 00000000 08:01 10881785                   /usr/share/locale-langpack/pt/LC_MESSAGES/gtk20.mo
7f699c066000-7f699c082000 r--s 00393000 08:01 11678859                   /usr/lib/jvm/java-8-oracle/jre/lib/ext/cldrdata.jar
7f699c082000-7f699c09b000 r--p 00000000 08:01 10882025                   /usr/share/locale-langpack/pt/LC_MESSAGES/libc.mo
7f699c09b000-7f699c0b9000 r--s 00180000 08:01 6167685                    /home/brsantos/.m2/repository/org/apache/commons/commons-math3/3.2/commons-math3-3.2.jar
7f699c0b9000-7f699c0e4000 r--s 001f5000 08:01 5637212                    /home/brsantos/.m2/repository/com/google/guava/guava/16.0.1/guava-16.0.1.jar
7f699c0e4000-7f699c0e7000 ---p 00000000 00:00 0 
7f699c0e7000-7f699c1e5000 rw-p 00000000 00:00 0                          [stack:17944]
7f699c1e5000-7f699c1e6000 ---p 00000000 00:00 0 
7f699c1e6000-7f699de50000 rw-p 00000000 00:00 0                          [stack:17943]
7f699de50000-7f699e024000 r--s 03c50000 08:01 11678920                   /usr/lib/jvm/java-8-oracle/jre/lib/rt.jar
7f699e024000-7f699efee000 rw-p 00000000 00:00 0 
7f699efee000-7f699efef000 ---p 00000000 00:00 0 
7f699efef000-7f699f0ef000 rw-p 00000000 00:00 0                          [stack:17942]
7f699f0ef000-7f699f0f0000 ---p 00000000 00:00 0 
7f699f0f0000-7f699f1f0000 rw-p 00000000 00:00 0                          [stack:17941]
7f699f1f0000-7f699f1f1000 ---p 00000000 00:00 0 
7f699f1f1000-7f699f2f1000 rw-p 00000000 00:00 0                          [stack:17940]
7f699f2f1000-7f699f2f2000 ---p 00000000 00:00 0 
7f699f2f2000-7f699f3f2000 rw-p 00000000 00:00 0                          [stack:17939]
7f699f3f2000-7f699f3f3000 ---p 00000000 00:00 0 
7f699f3f3000-7f699f4f3000 rw-p 00000000 00:00 0                          [stack:17938]
7f699f4f3000-7f699f4f4000 ---p 00000000 00:00 0 
7f699f4f4000-7f699f5f4000 rw-p 00000000 00:00 0                          [stack:17937]
7f699f5f4000-7f699f5f5000 ---p 00000000 00:00 0 
7f699f5f5000-7f699f772000 rw-p 00000000 00:00 0                          [stack:17936]
7f699f772000-7f699fc27000 ---p 00000000 00:00 0 
7f699fc27000-7f699fca4000 rw-p 00000000 00:00 0 
7f699fca4000-7f69a0158000 ---p 00000000 00:00 0 
7f69a0158000-7f69a0161000 rw-p 00000000 00:00 0 
7f69a0161000-7f69a03f1000 ---p 00000000 00:00 0 
7f69a03f1000-7f69a0400000 rw-p 00000000 00:00 0 
7f69a0400000-7f69a07b2000 ---p 00000000 00:00 0 
7f69a07b2000-7f69a0b12000 rwxp 00000000 00:00 0 
7f69a0b12000-7f69af7b2000 ---p 00000000 00:00 0 
7f69af7b2000-7f69af7ce000 r-xp 00000000 08:01 11679095                   /usr/lib/jvm/java-8-oracle/jre/lib/amd64/libzip.so
7f69af7ce000-7f69af9cd000 ---p 0001c000 08:01 11679095                   /usr/lib/jvm/java-8-oracle/jre/lib/amd64/libzip.so
7f69af9cd000-7f69af9ce000 rw-p 0001b000 08:01 11679095                   /usr/lib/jvm/java-8-oracle/jre/lib/amd64/libzip.so
7f69af9ce000-7f69af9d9000 r-xp 00000000 08:01 13763595                   /lib/x86_64-linux-gnu/libnss_files-2.19.so
7f69af9d9000-7f69afbd8000 ---p 0000b000 08:01 13763595                   /lib/x86_64-linux-gnu/libnss_files-2.19.so
7f69afbd8000-7f69afbd9000 r--p 0000a000 08:01 13763595                   /lib/x86_64-linux-gnu/libnss_files-2.19.so
7f69afbd9000-7f69afbda000 rw-p 0000b000 08:01 13763595                   /lib/x86_64-linux-gnu/libnss_files-2.19.so
7f69afbda000-7f69afbe5000 r-xp 00000000 08:01 13763560                   /lib/x86_64-linux-gnu/libnss_nis-2.19.so
7f69afbe5000-7f69afde4000 ---p 0000b000 08:01 13763560                   /lib/x86_64-linux-gnu/libnss_nis-2.19.so
7f69afde4000-7f69afde5000 r--p 0000a000 08:01 13763560                   /lib/x86_64-linux-gnu/libnss_nis-2.19.so
7f69afde5000-7f69afde6000 rw-p 0000b000 08:01 13763560                   /lib/x86_64-linux-gnu/libnss_nis-2.19.so
7f69afde6000-7f69afdfd000 r-xp 00000000 08:01 13763599                   /lib/x86_64-linux-gnu/libnsl-2.19.so
7f69afdfd000-7f69afffc000 ---p 00017000 08:01 13763599                   /lib/x86_64-linux-gnu/libnsl-2.19.so
7f69afffc000-7f69afffd000 r--p 00016000 08:01 13763599                   /lib/x86_64-linux-gnu/libnsl-2.19.so
7f69afffd000-7f69afffe000 rw-p 00017000 08:01 13763599                   /lib/x86_64-linux-gnu/libnsl-2.19.so
7f69afffe000-7f69b0000000 rw-p 00000000 00:00 0 
7f69b0000000-7f69b3e37000 rw-p 00000000 00:00 0 
7f69b3e37000-7f69b4000000 ---p 00000000 00:00 0 
7f69b4005000-7f69b4006000 r--s 00000000 00:15 22748                      /run/user/1000/dconf/user
7f69b4006000-7f69b4010000 r--s 0021b000 08:01 11678860                   /usr/lib/jvm/java-8-oracle/jre/lib/ext/localedata.jar
7f69b4010000-7f69b4017000 r--s 00000000 08:01 10360217                   /usr/lib/x86_64-linux-gnu/gconv/gconv-modules.cache
7f69b4017000-7f69b401e000 r--s 00058000 08:01 5637214                    /home/brsantos/.m2/repository/org/apache/commons/commons-lang3/3.2.1/commons-lang3-3.2.1.jar
7f69b401e000-7f69b402f000 r--s 000b2000 08:01 5636165                    /home/brsantos/.m2/repository/com/vividsolutions/jts/1.13/jts-1.13.jar
7f69b402f000-7f69b40a5000 rw-p 00000000 00:00 0 
7f69b40a5000-7f69b40a6000 ---p 00000000 00:00 0 
7f69b40a6000-7f69b41a6000 rw-p 00000000 00:00 0                          [stack:17935]
7f69b41a6000-7f69b41af000 r-xp 00000000 08:01 13763583                   /lib/x86_64-linux-gnu/libnss_compat-2.19.so
7f69b41af000-7f69b43ae000 ---p 00009000 08:01 13763583                   /lib/x86_64-linux-gnu/libnss_compat-2.19.so
7f69b43ae000-7f69b43af000 r--p 00008000 08:01 13763583                   /lib/x86_64-linux-gnu/libnss_compat-2.19.so
7f69b43af000-7f69b43b0000 rw-p 00009000 08:01 13763583                   /lib/x86_64-linux-gnu/libnss_compat-2.19.so
7f69b43b0000-7f69b43ba000 r-xp 00000000 08:01 11679063                   /usr/lib/jvm/java-8-oracle/jre/lib/amd64/libinstrument.so
7f69b43ba000-7f69b45b9000 ---p 0000a000 08:01 11679063                   /usr/lib/jvm/java-8-oracle/jre/lib/amd64/libinstrument.so
7f69b45b9000-7f69b45ba000 rw-p 00009000 08:01 11679063                   /usr/lib/jvm/java-8-oracle/jre/lib/amd64/libinstrument.so
7f69b45ba000-7f69b45e4000 r-xp 00000000 08:01 11679090                   /usr/lib/jvm/java-8-oracle/jre/lib/amd64/libjava.so
7f69b45e4000-7f69b47e4000 ---p 0002a000 08:01 11679090                   /usr/lib/jvm/java-8-oracle/jre/lib/amd64/libjava.so
7f69b47e4000-7f69b47e6000 rw-p 0002a000 08:01 11679090                   /usr/lib/jvm/java-8-oracle/jre/lib/amd64/libjava.so
7f69b47e6000-7f69b47f3000 r-xp 00000000 08:01 11679111                   /usr/lib/jvm/java-8-oracle/jre/lib/amd64/libverify.so
7f69b47f3000-7f69b49f3000 ---p 0000d000 08:01 11679111                   /usr/lib/jvm/java-8-oracle/jre/lib/amd64/libverify.so
7f69b49f3000-7f69b49f5000 rw-p 0000d000 08:01 11679111                   /usr/lib/jvm/java-8-oracle/jre/lib/amd64/libverify.so
7f69b49f5000-7f69b49fc000 r-xp 00000000 08:01 13763590                   /lib/x86_64-linux-gnu/librt-2.19.so
7f69b49fc000-7f69b4bfb000 ---p 00007000 08:01 13763590                   /lib/x86_64-linux-gnu/librt-2.19.so
7f69b4bfb000-7f69b4bfc000 r--p 00006000 08:01 13763590                   /lib/x86_64-linux-gnu/librt-2.19.so
7f69b4bfc000-7f69b4bfd000 rw-p 00007000 08:01 13763590                   /lib/x86_64-linux-gnu/librt-2.19.so
7f69b4bfd000-7f69b4d02000 r-xp 00000000 08:01 13763593                   /lib/x86_64-linux-gnu/libm-2.19.so
7f69b4d02000-7f69b4f01000 ---p 00105000 08:01 13763593                   /lib/x86_64-linux-gnu/libm-2.19.so
7f69b4f01000-7f69b4f02000 r--p 00104000 08:01 13763593                   /lib/x86_64-linux-gnu/libm-2.19.so
7f69b4f02000-7f69b4f03000 rw-p 00105000 08:01 13763593                   /lib/x86_64-linux-gnu/libm-2.19.so
7f69b4f03000-7f69b5b1d000 r-xp 00000000 08:01 11679087                   /usr/lib/jvm/java-8-oracle/jre/lib/amd64/server/libjvm.so
7f69b5b1d000-7f69b5d1d000 ---p 00c1a000 08:01 11679087                   /usr/lib/jvm/java-8-oracle/jre/lib/amd64/server/libjvm.so
7f69b5d1d000-7f69b5de6000 rw-p 00c1a000 08:01 11679087                   /usr/lib/jvm/java-8-oracle/jre/lib/amd64/server/libjvm.so
7f69b5de6000-7f69b5e27000 rw-p 00000000 00:00 0 
7f69b5e27000-7f69b5fe3000 r-xp 00000000 08:01 13763601                   /lib/x86_64-linux-gnu/libc-2.19.so
7f69b5fe3000-7f69b61e2000 ---p 001bc000 08:01 13763601                   /lib/x86_64-linux-gnu/libc-2.19.so
7f69b61e2000-7f69b61e6000 r--p 001bb000 08:01 13763601                   /lib/x86_64-linux-gnu/libc-2.19.so
7f69b61e6000-7f69b61e8000 rw-p 001bf000 08:01 13763601                   /lib/x86_64-linux-gnu/libc-2.19.so
7f69b61e8000-7f69b61ed000 rw-p 00000000 00:00 0 
7f69b61ed000-7f69b61f0000 r-xp 00000000 08:01 13763576                   /lib/x86_64-linux-gnu/libdl-2.19.so
7f69b61f0000-7f69b63ef000 ---p 00003000 08:01 13763576                   /lib/x86_64-linux-gnu/libdl-2.19.so
7f69b63ef000-7f69b63f0000 r--p 00002000 08:01 13763576                   /lib/x86_64-linux-gnu/libdl-2.19.so
7f69b63f0000-7f69b63f1000 rw-p 00003000 08:01 13763576                   /lib/x86_64-linux-gnu/libdl-2.19.so
7f69b63f1000-7f69b6408000 r-xp 00000000 08:01 11678741                   /usr/lib/jvm/java-8-oracle/lib/amd64/jli/libjli.so
7f69b6408000-7f69b6607000 ---p 00017000 08:01 11678741                   /usr/lib/jvm/java-8-oracle/lib/amd64/jli/libjli.so
7f69b6607000-7f69b6608000 rw-p 00016000 08:01 11678741                   /usr/lib/jvm/java-8-oracle/lib/amd64/jli/libjli.so
7f69b6608000-7f69b6621000 r-xp 00000000 08:01 13763603                   /lib/x86_64-linux-gnu/libpthread-2.19.so
7f69b6621000-7f69b6820000 ---p 00019000 08:01 13763603                   /lib/x86_64-linux-gnu/libpthread-2.19.so
7f69b6820000-7f69b6821000 r--p 00018000 08:01 13763603                   /lib/x86_64-linux-gnu/libpthread-2.19.so
7f69b6821000-7f69b6822000 rw-p 00019000 08:01 13763603                   /lib/x86_64-linux-gnu/libpthread-2.19.so
7f69b6822000-7f69b6826000 rw-p 00000000 00:00 0 
7f69b6826000-7f69b6849000 r-xp 00000000 08:01 13763574                   /lib/x86_64-linux-gnu/ld-2.19.so
7f69b6849000-7f69b684b000 r--s 00005000 08:01 10488829                   /usr/share/java/jayatana.jar
7f69b684b000-7f69b684c000 r--s 00000000 08:01 10488834                   /usr/share/java/jayatanaag.jar
7f69b684c000-7f69b684e000 r--s 00006000 08:01 5636162                    /home/brsantos/.m2/repository/org/slf4j/slf4j-api/1.7.6/slf4j-api-1.7.6.jar
7f69b684e000-7f69b6858000 r--s 0005f000 08:01 6426813                    /home/brsantos/.m2/repository/ch/qos/logback/logback-core/1.1.2/logback-core-1.1.2.jar
7f69b6858000-7f69b685e000 r--s 0003d000 08:01 6426805                    /home/brsantos/.m2/repository/ch/qos/logback/logback-classic/1.1.2/logback-classic-1.1.2.jar
7f69b685e000-7f69b6860000 r--s 006b3000 08:01 5769295                    /home/brsantos/.m2/repository/org/bytedeco/javacpp-presets/ffmpeg/2.3-0.9/ffmpeg-2.3-0.9-linux-x86_64.jar
7f69b6860000-7f69b6862000 r--s 00786000 08:01 5769293                    /home/brsantos/.m2/repository/org/bytedeco/javacpp-presets/opencv/2.4.9-0.9/opencv-2.4.9-0.9-linux-x86_64.jar
7f69b6862000-7f69b6863000 r--s 00005000 08:01 5769235                    /home/brsantos/.m2/repository/org/bytedeco/javacpp-presets/artoolkitplus/2.3.0-0.9/artoolkitplus-2.3.0-0.9.jar
7f69b6863000-7f69b6864000 r--s 00003000 08:01 5769232                    /home/brsantos/.m2/repository/org/bytedeco/javacpp-presets/videoinput/0.200-0.9/videoinput-0.200-0.9.jar
7f69b6864000-7f69b6866000 r--s 00004000 08:01 5769228                    /home/brsantos/.m2/repository/org/bytedeco/javacpp-presets/libfreenect/0.5-0.9/libfreenect-0.5-0.9.jar
7f69b6866000-7f69b686a000 r--s 0001e000 08:01 5769226                    /home/brsantos/.m2/repository/org/bytedeco/javacpp-presets/flycapture/2.6.3.4-0.9/flycapture-2.6.3.4-0.9.jar
7f69b686a000-7f69b687c000 r--s 000b2000 08:01 5769238                    /home/brsantos/.m2/repository/org/bytedeco/javacpp-presets/opencv/2.4.9-0.9/opencv-2.4.9-0.9.jar
7f69b687c000-7f69b6925000 rw-p 00000000 00:00 0 
7f69b6925000-7f69b6928000 ---p 00000000 00:00 0 
7f69b6928000-7f69b6a2a000 rw-p 00000000 00:00 0                          [stack:17934]
7f69b6a2a000-7f69b6a2c000 r--s 00006000 08:01 5769224                    /home/brsantos/.m2/repository/org/bytedeco/javacpp-presets/libdc1394/2.2.2-0.9/libdc1394-2.2.2-0.9.jar
7f69b6a2c000-7f69b6a33000 r--s 00030000 08:01 5769227                    /home/brsantos/.m2/repository/org/bytedeco/javacpp-presets/ffmpeg/2.3-0.9/ffmpeg-2.3-0.9.jar
7f69b6a33000-7f69b6a37000 r--s 0002b000 08:01 5769239                    /home/brsantos/.m2/repository/org/bytedeco/javacpp/0.9/javacpp-0.9.jar
7f69b6a37000-7f69b6a3c000 r--s 0004c000 08:01 5769229                    /home/brsantos/.m2/repository/org/bytedeco/javacv/0.9/javacv-0.9.jar
7f69b6a3c000-7f69b6a44000 rw-s 00000000 08:01 12060195                   /tmp/hsperfdata_brsantos/17930
7f69b6a44000-7f69b6a45000 rw-p 00000000 00:00 0 
7f69b6a45000-7f69b6a46000 r--p 00000000 00:00 0 
7f69b6a46000-7f69b6a48000 rw-p 00000000 00:00 0 
7f69b6a48000-7f69b6a49000 r--p 00022000 08:01 13763574                   /lib/x86_64-linux-gnu/ld-2.19.so
7f69b6a49000-7f69b6a4a000 rw-p 00023000 08:01 13763574                   /lib/x86_64-linux-gnu/ld-2.19.so
7f69b6a4a000-7f69b6a4b000 rw-p 00000000 00:00 0 
7fffd7ceb000-7fffd7d0d000 rw-p 00000000 00:00 0                          [stack]
7fffd7dfe000-7fffd7e00000 r-xp 00000000 00:00 0                          [vdso]
ffffffffff600000-ffffffffff601000 r-xp 00000000 00:00 0                  [vsyscall]

VM Arguments:
jvm_args: -javaagent:/usr/share/java/jayatanaag.jar 
java_command: pt.scanner.server.main.Scanner
java_class_path (initial): /home/brsantos/MEOCloud/Scanner3D/maven/scanner/target/classes:/home/brsantos/.m2/repository/org/bytedeco/javacv/0.9/javacv-0.9.jar:/home/brsantos/.m2/repository/org/bytedeco/javacpp/0.9/javacpp-0.9.jar:/home/brsantos/.m2/repository/org/bytedeco/javacpp-presets/opencv/2.4.9-0.9/opencv-2.4.9-0.9.jar:/home/brsantos/.m2/repository/org/bytedeco/javacpp-presets/ffmpeg/2.3-0.9/ffmpeg-2.3-0.9.jar:/home/brsantos/.m2/repository/org/bytedeco/javacpp-presets/flycapture/2.6.3.4-0.9/flycapture-2.6.3.4-0.9.jar:/home/brsantos/.m2/repository/org/bytedeco/javacpp-presets/libdc1394/2.2.2-0.9/libdc1394-2.2.2-0.9.jar:/home/brsantos/.m2/repository/org/bytedeco/javacpp-presets/libfreenect/0.5-0.9/libfreenect-0.5-0.9.jar:/home/brsantos/.m2/repository/org/bytedeco/javacpp-presets/videoinput/0.200-0.9/videoinput-0.200-0.9.jar:/home/brsantos/.m2/repository/org/bytedeco/javacpp-presets/artoolkitplus/2.3.0-0.9/artoolkitplus-2.3.0-0.9.jar:/home/brsantos/.m2/repository/org/bytedeco/javacpp-presets/opencv/2.4.9-0.9/opencv-2.4.9-0.9-linux-x86_64.jar:/home/brsantos/.m2/repository/org/bytedeco/javacpp-presets/ffmpeg/2.3-0.9/ffmpeg-2.3-0.9-linux-x86_64.jar:/home/brsantos/.m2/repository/ch/qos/logback/logback-classic/1.1.2/logback-classic-1.1.2.jar:/home/brsantos/.m2/repository/ch/qos/logback/logback-core/1.1.2/logback-core-1.1.2.jar:/home/brsantos/.m2/repository/org/slf4j/slf4j-api/1.7.6/slf4j-api-1.7.6.jar:/home/brsantos/.m2/repository/com/vividsolutions/jts/1.13/jts-1.13.jar:/home/brsantos/.m2/repository/com/google/guava/guava/16.0.1/guava-16.0.1.jar:/home/brsantos/.m2/repository/org/apache/commons/commons-lang3/3.2.1/commons-lang3-3.2.1.jar:/home/brsantos/.m2/repository/org/apache/commons/commons-math3/3.2/commons-math3-3.2.jar:/usr/share/java/jayatanaag.jar
Launcher Type: SUN_STANDARD

Environment Variables:
JAVA_HOME=/usr/lib/jvm/java-8-oracle
JAVA_TOOL_OPTIONS=-javaagent:/usr/share/java/jayatanaag.jar 
PATH=/usr/local/sbin:/usr/local/bin:/usr/sbin:/usr/bin:/sbin:/bin:/usr/games:/usr/local/games
LD_LIBRARY_PATH=/usr/lib/jvm/java-8-oracle/jre/lib/amd64:/usr/lib/jvm/java-8-oracle/jre/lib/i386:/usr/lib32
SHELL=/bin/bash
DISPLAY=:0

Signal Handlers:
SIGSEGV: [libjvm.so+0xa2fde0], sa_mask[0]=0x7ffbfeff, sa_flags=0x10000004
SIGBUS: [libjvm.so+0xa2fde0], sa_mask[0]=0x7ffbfeff, sa_flags=0x10000004
SIGFPE: [libjvm.so+0x89b420], sa_mask[0]=0x7ffbfeff, sa_flags=0x10000004
SIGPIPE: SIG_IGN, sa_mask[0]=0x00001000, sa_flags=0x10000000
SIGXFSZ: [libjvm.so+0x89b420], sa_mask[0]=0x7ffbfeff, sa_flags=0x10000004
SIGILL: [libjvm.so+0x89b420], sa_mask[0]=0x7ffbfeff, sa_flags=0x10000004
SIGUSR1: SIG_DFL, sa_mask[0]=0x00000000, sa_flags=0x00000000
SIGUSR2: [libjvm.so+0x89cbc0], sa_mask[0]=0x00000004, sa_flags=0x10000004
SIGHUP: [libjvm.so+0x89de70], sa_mask[0]=0x7ffbfeff, sa_flags=0x10000004
SIGINT: SIG_IGN, sa_mask[0]=0x00000000, sa_flags=0x00000000
SIGTERM: [libjvm.so+0x89de70], sa_mask[0]=0x7ffbfeff, sa_flags=0x10000004
SIGQUIT: [libjvm.so+0x89de70], sa_mask[0]=0x7ffbfeff, sa_flags=0x10000004


---------------  S Y S T E M  ---------------

OS:DISTRIB_ID=Ubuntu
DISTRIB_RELEASE=14.04
DISTRIB_CODENAME=trusty
DISTRIB_DESCRIPTION="Ubuntu 14.04.1 LTS"

uname:Linux 3.13.0-34-generic #60-Ubuntu SMP Wed Aug 13 15:45:27 UTC 2014 x86_64
libc:glibc 2.19 NPTL 2.19 
rlimit: STACK 8192k, CORE 0k, NPROC 127411, NOFILE 4096, AS infinity
load average:0,25 0,46 0,51

/proc/meminfo:
MemTotal:       16330200 kB
MemFree:         8128788 kB
Buffers:          344448 kB
Cached:          1830456 kB
SwapCached:            0 kB
Active:          5955624 kB
Inactive:        1207600 kB
Active(anon):    4991624 kB
Inactive(anon):    92344 kB
Active(file):     964000 kB
Inactive(file):  1115256 kB
Unevictable:         296 kB
Mlocked:             296 kB
SwapTotal:       2001916 kB
SwapFree:        2001916 kB
Dirty:               136 kB
Writeback:             8 kB
AnonPages:       4988676 kB
Mapped:           595336 kB
Shmem:             95652 kB
Slab:             322200 kB
SReclaimable:     266916 kB
SUnreclaim:        55284 kB
KernelStack:        7360 kB
PageTables:        66572 kB
NFS_Unstable:          0 kB
Bounce:                0 kB
WritebackTmp:          0 kB
CommitLimit:    10167016 kB
Committed_AS:   12117972 kB
VmallocTotal:   34359738367 kB
VmallocUsed:      590572 kB
VmallocChunk:   34359140280 kB
HardwareCorrupted:     0 kB
AnonHugePages:   2736128 kB
HugePages_Total:       0
HugePages_Free:        0
HugePages_Rsvd:        0
HugePages_Surp:        0
Hugepagesize:       2048 kB
DirectMap4k:      525056 kB
DirectMap2M:    16148480 kB


CPU:total 8 (4 cores per cpu, 2 threads per core) family 6 model 58 stepping 9, cmov, cx8, fxsr, mmx, sse, sse2, sse3, ssse3, sse4.1, sse4.2, popcnt, avx, aes, clmul, erms, ht, tsc, tscinvbit

/proc/cpuinfo:
processor	: 0
vendor_id	: GenuineIntel
cpu family	: 6
model		: 58
model name	: Intel(R) Core(TM) i7-3632QM CPU @ 2.20GHz
stepping	: 9
microcode	: 0x15
cpu MHz		: 1200.000
cache size	: 6144 KB
physical id	: 0
siblings	: 8
core id		: 0
cpu cores	: 4
apicid		: 0
initial apicid	: 0
fpu		: yes
fpu_exception	: yes
cpuid level	: 13
wp		: yes
flags		: fpu vme de pse tsc msr pae mce cx8 apic sep mtrr pge mca cmov pat pse36 clflush dts acpi mmx fxsr sse sse2 ss ht tm pbe syscall nx rdtscp lm constant_tsc arch_perfmon pebs bts rep_good nopl xtopology nonstop_tsc aperfmperf eagerfpu pni pclmulqdq dtes64 monitor ds_cpl vmx est tm2 ssse3 cx16 xtpr pdcm pcid sse4_1 sse4_2 x2apic popcnt tsc_deadline_timer aes xsave avx f16c rdrand lahf_lm ida arat epb xsaveopt pln pts dtherm tpr_shadow vnmi flexpriority ept vpid fsgsbase smep erms
bogomips	: 4390.39
clflush size	: 64
cache_alignment	: 64
address sizes	: 36 bits physical, 48 bits virtual
power management:

processor	: 1
vendor_id	: GenuineIntel
cpu family	: 6
model		: 58
model name	: Intel(R) Core(TM) i7-3632QM CPU @ 2.20GHz
stepping	: 9
microcode	: 0x15
cpu MHz		: 1200.000
cache size	: 6144 KB
physical id	: 0
siblings	: 8
core id		: 0
cpu cores	: 4
apicid		: 1
initial apicid	: 1
fpu		: yes
fpu_exception	: yes
cpuid level	: 13
wp		: yes
flags		: fpu vme de pse tsc msr pae mce cx8 apic sep mtrr pge mca cmov pat pse36 clflush dts acpi mmx fxsr sse sse2 ss ht tm pbe syscall nx rdtscp lm constant_tsc arch_perfmon pebs bts rep_good nopl xtopology nonstop_tsc aperfmperf eagerfpu pni pclmulqdq dtes64 monitor ds_cpl vmx est tm2 ssse3 cx16 xtpr pdcm pcid sse4_1 sse4_2 x2apic popcnt tsc_deadline_timer aes xsave avx f16c rdrand lahf_lm ida arat epb xsaveopt pln pts dtherm tpr_shadow vnmi flexpriority ept vpid fsgsbase smep erms
bogomips	: 4390.39
clflush size	: 64
cache_alignment	: 64
address sizes	: 36 bits physical, 48 bits virtual
power management:

processor	: 2
vendor_id	: GenuineIntel
cpu family	: 6
model		: 58
model name	: Intel(R) Core(TM) i7-3632QM CPU @ 2.20GHz
stepping	: 9
microcode	: 0x15
cpu MHz		: 2100.000
cache size	: 6144 KB
physical id	: 0
siblings	: 8
core id		: 1
cpu cores	: 4
apicid		: 2
initial apicid	: 2
fpu		: yes
fpu_exception	: yes
cpuid level	: 13
wp		: yes
flags		: fpu vme de pse tsc msr pae mce cx8 apic sep mtrr pge mca cmov pat pse36 clflush dts acpi mmx fxsr sse sse2 ss ht tm pbe syscall nx rdtscp lm constant_tsc arch_perfmon pebs bts rep_good nopl xtopology nonstop_tsc aperfmperf eagerfpu pni pclmulqdq dtes64 monitor ds_cpl vmx est tm2 ssse3 cx16 xtpr pdcm pcid sse4_1 sse4_2 x2apic popcnt tsc_deadline_timer aes xsave avx f16c rdrand lahf_lm ida arat epb xsaveopt pln pts dtherm tpr_shadow vnmi flexpriority ept vpid fsgsbase smep erms
bogomips	: 4390.39
clflush size	: 64
cache_alignment	: 64
address sizes	: 36 bits physical, 48 bits virtual
power management:

processor	: 3
vendor_id	: GenuineIntel
cpu family	: 6
model		: 58
model name	: Intel(R) Core(TM) i7-3632QM CPU @ 2.20GHz
stepping	: 9
microcode	: 0x15
cpu MHz		: 1200.000
cache size	: 6144 KB
physical id	: 0
siblings	: 8
core id		: 1
cpu cores	: 4
apicid		: 3
initial apicid	: 3
fpu		: yes
fpu_exception	: yes
cpuid level	: 13
wp		: yes
flags		: fpu vme de pse tsc msr pae mce cx8 apic sep mtrr pge mca cmov pat pse36 clflush dts acpi mmx fxsr sse sse2 ss ht tm pbe syscall nx rdtscp lm constant_tsc arch_perfmon pebs bts rep_good nopl xtopology nonstop_tsc aperfmperf eagerfpu pni pclmulqdq dtes64 monitor ds_cpl vmx est tm2 ssse3 cx16 xtpr pdcm pcid sse4_1 sse4_2 x2apic popcnt tsc_deadline_timer aes xsave avx f16c rdrand lahf_lm ida arat epb xsaveopt pln pts dtherm tpr_shadow vnmi flexpriority ept vpid fsgsbase smep erms
bogomips	: 4390.39
clflush size	: 64
cache_alignment	: 64
address sizes	: 36 bits physical, 48 bits virtual
power management:

processor	: 4
vendor_id	: GenuineIntel
cpu family	: 6
model		: 58
model name	: Intel(R) Core(TM) i7-3632QM CPU @ 2.20GHz
stepping	: 9
microcode	: 0x15
cpu MHz		: 1200.000
cache size	: 6144 KB
physical id	: 0
siblings	: 8
core id		: 2
cpu cores	: 4
apicid		: 4
initial apicid	: 4
fpu		: yes
fpu_exception	: yes
cpuid level	: 13
wp		: yes
flags		: fpu vme de pse tsc msr pae mce cx8 apic sep mtrr pge mca cmov pat pse36 clflush dts acpi mmx fxsr sse sse2 ss ht tm pbe syscall nx rdtscp lm constant_tsc arch_perfmon pebs bts rep_good nopl xtopology nonstop_tsc aperfmperf eagerfpu pni pclmulqdq dtes64 monitor ds_cpl vmx est tm2 ssse3 cx16 xtpr pdcm pcid sse4_1 sse4_2 x2apic popcnt tsc_deadline_timer aes xsave avx f16c rdrand lahf_lm ida arat epb xsaveopt pln pts dtherm tpr_shadow vnmi flexpriority ept vpid fsgsbase smep erms
bogomips	: 4390.39
clflush size	: 64
cache_alignment	: 64
address sizes	: 36 bits physical, 48 bits virtual
power management:

processor	: 5
vendor_id	: GenuineIntel
cpu family	: 6
model		: 58
model name	: Intel(R) Core(TM) i7-3632QM CPU @ 2.20GHz
stepping	: 9
microcode	: 0x15
cpu MHz		: 1600.000
cache size	: 6144 KB
physical id	: 0
siblings	: 8
core id		: 2
cpu cores	: 4
apicid		: 5
initial apicid	: 5
fpu		: yes
fpu_exception	: yes
cpuid level	: 13
wp		: yes
flags		: fpu vme de pse tsc msr pae mce cx8 apic sep mtrr pge mca cmov pat pse36 clflush dts acpi mmx fxsr sse sse2 ss ht tm pbe syscall nx rdtscp lm constant_tsc arch_perfmon pebs bts rep_good nopl xtopology nonstop_tsc aperfmperf eagerfpu pni pclmulqdq dtes64 monitor ds_cpl vmx est tm2 ssse3 cx16 xtpr pdcm pcid sse4_1 sse4_2 x2apic popcnt tsc_deadline_timer aes xsave avx f16c rdrand lahf_lm ida arat epb xsaveopt pln pts dtherm tpr_shadow vnmi flexpriority ept vpid fsgsbase smep erms
bogomips	: 4390.39
clflush size	: 64
cache_alignment	: 64
address sizes	: 36 bits physical, 48 bits virtual
power management:

processor	: 6
vendor_id	: GenuineIntel
cpu family	: 6
model		: 58
model name	: Intel(R) Core(TM) i7-3632QM CPU @ 2.20GHz
stepping	: 9
microcode	: 0x15
cpu MHz		: 2201.000
cache size	: 6144 KB
physical id	: 0
siblings	: 8
core id		: 3
cpu cores	: 4
apicid		: 6
initial apicid	: 6
fpu		: yes
fpu_exception	: yes
cpuid level	: 13
wp		: yes
flags		: fpu vme de pse tsc msr pae mce cx8 apic sep mtrr pge mca cmov pat pse36 clflush dts acpi mmx fxsr sse sse2 ss ht tm pbe syscall nx rdtscp lm constant_tsc arch_perfmon pebs bts rep_good nopl xtopology nonstop_tsc aperfmperf eagerfpu pni pclmulqdq dtes64 monitor ds_cpl vmx est tm2 ssse3 cx16 xtpr pdcm pcid sse4_1 sse4_2 x2apic popcnt tsc_deadline_timer aes xsave avx f16c rdrand lahf_lm ida arat epb xsaveopt pln pts dtherm tpr_shadow vnmi flexpriority ept vpid fsgsbase smep erms
bogomips	: 4390.39
clflush size	: 64
cache_alignment	: 64
address sizes	: 36 bits physical, 48 bits virtual
power management:

processor	: 7
vendor_id	: GenuineIntel
cpu family	: 6
model		: 58
model name	: Intel(R) Core(TM) i7-3632QM CPU @ 2.20GHz
stepping	: 9
microcode	: 0x15
cpu MHz		: 1900.000
cache size	: 6144 KB
physical id	: 0
siblings	: 8
core id		: 3
cpu cores	: 4
apicid		: 7
initial apicid	: 7
fpu		: yes
fpu_exception	: yes
cpuid level	: 13
wp		: yes
flags		: fpu vme de pse tsc msr pae mce cx8 apic sep mtrr pge mca cmov pat pse36 clflush dts acpi mmx fxsr sse sse2 ss ht tm pbe syscall nx rdtscp lm constant_tsc arch_perfmon pebs bts rep_good nopl xtopology nonstop_tsc aperfmperf eagerfpu pni pclmulqdq dtes64 monitor ds_cpl vmx est tm2 ssse3 cx16 xtpr pdcm pcid sse4_1 sse4_2 x2apic popcnt tsc_deadline_timer aes xsave avx f16c rdrand lahf_lm ida arat epb xsaveopt pln pts dtherm tpr_shadow vnmi flexpriority ept vpid fsgsbase smep erms
bogomips	: 4390.39
clflush size	: 64
cache_alignment	: 64
address sizes	: 36 bits physical, 48 bits virtual
power management:



Memory: 4k page, physical 16330200k(8128788k free), swap 2001916k(2001916k free)

vm_info: Java HotSpot(TM) 64-Bit Server VM (25.11-b03) for linux-amd64 JRE (1.8.0_11-b12), built on Jun 16 2014 17:29:59 by "java_re" with gcc 4.3.0 20080428 (Red Hat 4.3.0-8)

time: Sat Aug 16 15:38:32 2014
elapsed time: 62 seconds

